{"/home/runner/work/Puppies-and-Kittens-Adoption-Agency/Puppies-and-Kittens-Adoption-Agency/src/App.jsx": {"path":"/home/runner/work/Puppies-and-Kittens-Adoption-Agency/Puppies-and-Kittens-Adoption-Agency/src/App.jsx","statementMap":{"0":{"start":{"line":52,"column":2},"end":{"line":127,"column":4}}},"fnMap":{"0":{"name":"App","decl":{"start":{"line":51,"column":24},"end":{"line":51,"column":27}},"loc":{"start":{"line":51,"column":30},"end":{"line":128,"column":1}},"line":51}},"branchMap":{},"s":{"0":0},"f":{"0":0},"b":{}}
,"/home/runner/work/Puppies-and-Kittens-Adoption-Agency/Puppies-and-Kittens-Adoption-Agency/src/index.jsx": {"path":"/home/runner/work/Puppies-and-Kittens-Adoption-Agency/Puppies-and-Kittens-Adoption-Agency/src/index.jsx","statementMap":{"0":{"start":{"line":7,"column":0},"end":{"line":12,"column":2}},"1":{"start":{"line":17,"column":0},"end":{"line":17,"column":25}}},"fnMap":{},"branchMap":{},"s":{"0":0,"1":0},"f":{},"b":{}}
,"/home/runner/work/Puppies-and-Kittens-Adoption-Agency/Puppies-and-Kittens-Adoption-Agency/src/serviceWorker.js": {"path":"/home/runner/work/Puppies-and-Kittens-Adoption-Agency/Puppies-and-Kittens-Adoption-Agency/src/serviceWorker.js","statementMap":{"0":{"start":{"line":1,"column":14},"end":{"line":1,"column":41}},"1":{"start":{"line":14,"column":20},"end":{"line":22,"column":1}},"2":{"start":{"line":25,"column":2},"end":{"line":65,"column":7}},"3":{"start":{"line":28,"column":6},"end":{"line":61,"column":8}},"4":{"start":{"line":29,"column":33},"end":{"line":29,"column":56}},"5":{"start":{"line":30,"column":8},"end":{"line":32,"column":9}},"6":{"start":{"line":31,"column":10},"end":{"line":31,"column":17}},"7":{"start":{"line":33,"column":8},"end":{"line":60,"column":10}},"8":{"start":{"line":34,"column":10},"end":{"line":59,"column":11}},"9":{"start":{"line":35,"column":12},"end":{"line":58,"column":13}},"10":{"start":{"line":39,"column":14},"end":{"line":42,"column":16}},"11":{"start":{"line":45,"column":14},"end":{"line":47,"column":15}},"12":{"start":{"line":46,"column":16},"end":{"line":46,"column":46}},"13":{"start":{"line":52,"column":14},"end":{"line":52,"column":58}},"14":{"start":{"line":55,"column":14},"end":{"line":57,"column":15}},"15":{"start":{"line":56,"column":16},"end":{"line":56,"column":47}},"16":{"start":{"line":64,"column":6},"end":{"line":64,"column":76}},"17":{"start":{"line":70,"column":2},"end":{"line":93,"column":7}},"18":{"start":{"line":75,"column":26},"end":{"line":75,"column":62}},"19":{"start":{"line":76,"column":6},"end":{"line":89,"column":7}},"20":{"start":{"line":81,"column":8},"end":{"line":85,"column":11}},"21":{"start":{"line":82,"column":10},"end":{"line":84,"column":13}},"22":{"start":{"line":83,"column":12},"end":{"line":83,"column":37}},"23":{"start":{"line":88,"column":8},"end":{"line":88,"column":39}},"24":{"start":{"line":92,"column":6},"end":{"line":92,"column":77}},"25":{"start":{"line":97,"column":2},"end":{"line":127,"column":3}},"26":{"start":{"line":99,"column":22},"end":{"line":99,"column":75}},"27":{"start":{"line":100,"column":4},"end":{"line":105,"column":5}},"28":{"start":{"line":104,"column":6},"end":{"line":104,"column":13}},"29":{"start":{"line":107,"column":4},"end":{"line":126,"column":7}},"30":{"start":{"line":108,"column":20},"end":{"line":108,"column":65}},"31":{"start":{"line":110,"column":6},"end":{"line":125,"column":7}},"32":{"start":{"line":112,"column":8},"end":{"line":112,"column":47}},"33":{"start":{"line":116,"column":8},"end":{"line":121,"column":11}},"34":{"start":{"line":117,"column":10},"end":{"line":120,"column":12}},"35":{"start":{"line":124,"column":8},"end":{"line":124,"column":39}},"36":{"start":{"line":131,"column":2},"end":{"line":139,"column":3}},"37":{"start":{"line":132,"column":4},"end":{"line":138,"column":9}},"38":{"start":{"line":134,"column":8},"end":{"line":134,"column":34}},"39":{"start":{"line":137,"column":8},"end":{"line":137,"column":20}}},"fnMap":{"0":{"name":"registerValidSW","decl":{"start":{"line":24,"column":9},"end":{"line":24,"column":24}},"loc":{"start":{"line":24,"column":40},"end":{"line":66,"column":1}},"line":24},"1":{"name":"(anonymous_1)","decl":{"start":{"line":27,"column":10},"end":{"line":27,"column":11}},"loc":{"start":{"line":27,"column":28},"end":{"line":62,"column":5}},"line":27},"2":{"name":"(anonymous_2)","decl":{"start":{"line":28,"column":35},"end":{"line":28,"column":36}},"loc":{"start":{"line":28,"column":41},"end":{"line":61,"column":7}},"line":28},"3":{"name":"(anonymous_3)","decl":{"start":{"line":33,"column":41},"end":{"line":33,"column":42}},"loc":{"start":{"line":33,"column":47},"end":{"line":60,"column":9}},"line":33},"4":{"name":"(anonymous_4)","decl":{"start":{"line":63,"column":11},"end":{"line":63,"column":12}},"loc":{"start":{"line":63,"column":22},"end":{"line":65,"column":5}},"line":63},"5":{"name":"checkValidServiceWorker","decl":{"start":{"line":68,"column":9},"end":{"line":68,"column":32}},"loc":{"start":{"line":68,"column":48},"end":{"line":94,"column":1}},"line":68},"6":{"name":"(anonymous_6)","decl":{"start":{"line":73,"column":10},"end":{"line":73,"column":11}},"loc":{"start":{"line":73,"column":24},"end":{"line":90,"column":5}},"line":73},"7":{"name":"(anonymous_7)","decl":{"start":{"line":81,"column":43},"end":{"line":81,"column":44}},"loc":{"start":{"line":81,"column":61},"end":{"line":85,"column":9}},"line":81},"8":{"name":"(anonymous_8)","decl":{"start":{"line":82,"column":41},"end":{"line":82,"column":42}},"loc":{"start":{"line":82,"column":47},"end":{"line":84,"column":11}},"line":82},"9":{"name":"(anonymous_9)","decl":{"start":{"line":91,"column":11},"end":{"line":91,"column":12}},"loc":{"start":{"line":91,"column":17},"end":{"line":93,"column":5}},"line":91},"10":{"name":"register","decl":{"start":{"line":96,"column":16},"end":{"line":96,"column":24}},"loc":{"start":{"line":96,"column":33},"end":{"line":128,"column":1}},"line":96},"11":{"name":"(anonymous_11)","decl":{"start":{"line":107,"column":36},"end":{"line":107,"column":37}},"loc":{"start":{"line":107,"column":42},"end":{"line":126,"column":5}},"line":107},"12":{"name":"(anonymous_12)","decl":{"start":{"line":116,"column":43},"end":{"line":116,"column":44}},"loc":{"start":{"line":116,"column":49},"end":{"line":121,"column":9}},"line":116},"13":{"name":"unregister","decl":{"start":{"line":130,"column":16},"end":{"line":130,"column":26}},"loc":{"start":{"line":130,"column":29},"end":{"line":140,"column":1}},"line":130},"14":{"name":"(anonymous_14)","decl":{"start":{"line":133,"column":12},"end":{"line":133,"column":13}},"loc":{"start":{"line":133,"column":30},"end":{"line":135,"column":7}},"line":133},"15":{"name":"(anonymous_15)","decl":{"start":{"line":136,"column":13},"end":{"line":136,"column":14}},"loc":{"start":{"line":136,"column":24},"end":{"line":138,"column":7}},"line":136}},"branchMap":{"0":{"loc":{"start":{"line":15,"column":2},"end":{"line":21,"column":5}},"type":"binary-expr","locations":[{"start":{"line":15,"column":2},"end":{"line":15,"column":42}},{"start":{"line":17,"column":4},"end":{"line":17,"column":40}},{"start":{"line":19,"column":4},"end":{"line":21,"column":5}}],"line":15},"1":{"loc":{"start":{"line":30,"column":8},"end":{"line":32,"column":9}},"type":"if","locations":[{"start":{"line":30,"column":8},"end":{"line":32,"column":9}},{"start":{},"end":{}}],"line":30},"2":{"loc":{"start":{"line":34,"column":10},"end":{"line":59,"column":11}},"type":"if","locations":[{"start":{"line":34,"column":10},"end":{"line":59,"column":11}},{"start":{},"end":{}}],"line":34},"3":{"loc":{"start":{"line":35,"column":12},"end":{"line":58,"column":13}},"type":"if","locations":[{"start":{"line":35,"column":12},"end":{"line":58,"column":13}},{"start":{"line":48,"column":19},"end":{"line":58,"column":13}}],"line":35},"4":{"loc":{"start":{"line":45,"column":14},"end":{"line":47,"column":15}},"type":"if","locations":[{"start":{"line":45,"column":14},"end":{"line":47,"column":15}},{"start":{},"end":{}}],"line":45},"5":{"loc":{"start":{"line":45,"column":18},"end":{"line":45,"column":43}},"type":"binary-expr","locations":[{"start":{"line":45,"column":18},"end":{"line":45,"column":24}},{"start":{"line":45,"column":28},"end":{"line":45,"column":43}}],"line":45},"6":{"loc":{"start":{"line":55,"column":14},"end":{"line":57,"column":15}},"type":"if","locations":[{"start":{"line":55,"column":14},"end":{"line":57,"column":15}},{"start":{},"end":{}}],"line":55},"7":{"loc":{"start":{"line":55,"column":18},"end":{"line":55,"column":44}},"type":"binary-expr","locations":[{"start":{"line":55,"column":18},"end":{"line":55,"column":24}},{"start":{"line":55,"column":28},"end":{"line":55,"column":44}}],"line":55},"8":{"loc":{"start":{"line":76,"column":6},"end":{"line":89,"column":7}},"type":"if","locations":[{"start":{"line":76,"column":6},"end":{"line":89,"column":7}},{"start":{"line":86,"column":13},"end":{"line":89,"column":7}}],"line":76},"9":{"loc":{"start":{"line":77,"column":8},"end":{"line":78,"column":73}},"type":"binary-expr","locations":[{"start":{"line":77,"column":8},"end":{"line":77,"column":31}},{"start":{"line":78,"column":9},"end":{"line":78,"column":28}},{"start":{"line":78,"column":32},"end":{"line":78,"column":72}}],"line":77},"10":{"loc":{"start":{"line":97,"column":2},"end":{"line":127,"column":3}},"type":"if","locations":[{"start":{"line":97,"column":2},"end":{"line":127,"column":3}},{"start":{},"end":{}}],"line":97},"11":{"loc":{"start":{"line":97,"column":6},"end":{"line":97,"column":75}},"type":"binary-expr","locations":[{"start":{"line":97,"column":6},"end":{"line":97,"column":43}},{"start":{"line":97,"column":47},"end":{"line":97,"column":75}}],"line":97},"12":{"loc":{"start":{"line":100,"column":4},"end":{"line":105,"column":5}},"type":"if","locations":[{"start":{"line":100,"column":4},"end":{"line":105,"column":5}},{"start":{},"end":{}}],"line":100},"13":{"loc":{"start":{"line":110,"column":6},"end":{"line":125,"column":7}},"type":"if","locations":[{"start":{"line":110,"column":6},"end":{"line":125,"column":7}},{"start":{"line":122,"column":13},"end":{"line":125,"column":7}}],"line":110},"14":{"loc":{"start":{"line":131,"column":2},"end":{"line":139,"column":3}},"type":"if","locations":[{"start":{"line":131,"column":2},"end":{"line":139,"column":3}},{"start":{},"end":{}}],"line":131}},"s":{"0":0,"1":0,"2":0,"3":0,"4":0,"5":0,"6":0,"7":0,"8":0,"9":0,"10":0,"11":0,"12":0,"13":0,"14":0,"15":0,"16":0,"17":0,"18":0,"19":0,"20":0,"21":0,"22":0,"23":0,"24":0,"25":0,"26":0,"27":0,"28":0,"29":0,"30":0,"31":0,"32":0,"33":0,"34":0,"35":0,"36":0,"37":0,"38":0,"39":0},"f":{"0":0,"1":0,"2":0,"3":0,"4":0,"5":0,"6":0,"7":0,"8":0,"9":0,"10":0,"11":0,"12":0,"13":0,"14":0,"15":0},"b":{"0":[0,0,0],"1":[0,0],"2":[0,0],"3":[0,0],"4":[0,0],"5":[0,0],"6":[0,0],"7":[0,0],"8":[0,0],"9":[0,0,0],"10":[0,0],"11":[0,0],"12":[0,0],"13":[0,0],"14":[0,0]}}
,"/home/runner/work/Puppies-and-Kittens-Adoption-Agency/Puppies-and-Kittens-Adoption-Agency/src/__jest__/components/login/loginHelpers.jsx": {"path":"/home/runner/work/Puppies-and-Kittens-Adoption-Agency/Puppies-and-Kittens-Adoption-Agency/src/__jest__/components/login/loginHelpers.jsx","statementMap":{"0":{"start":{"line":22,"column":21},"end":{"line":35,"column":1}},"1":{"start":{"line":23,"column":2},"end":{"line":23,"column":38}},"2":{"start":{"line":25,"column":18},"end":{"line":25,"column":39}},"3":{"start":{"line":26,"column":26},"end":{"line":26,"column":53}},"4":{"start":{"line":28,"column":16},"end":{"line":32,"column":3}},"5":{"start":{"line":34,"column":2},"end":{"line":34,"column":50}},"6":{"start":{"line":44,"column":24},"end":{"line":48,"column":1}},"7":{"start":{"line":45,"column":2},"end":{"line":45,"column":58}},"8":{"start":{"line":46,"column":2},"end":{"line":46,"column":58}},"9":{"start":{"line":47,"column":2},"end":{"line":47,"column":40}},"10":{"start":{"line":58,"column":47},"end":{"line":70,"column":1}},"11":{"start":{"line":64,"column":2},"end":{"line":69,"column":5}},"12":{"start":{"line":65,"column":4},"end":{"line":68,"column":7}},"13":{"start":{"line":66,"column":6},"end":{"line":66,"column":65}},"14":{"start":{"line":67,"column":6},"end":{"line":67,"column":68}},"15":{"start":{"line":80,"column":45},"end":{"line":92,"column":1}},"16":{"start":{"line":86,"column":2},"end":{"line":91,"column":5}},"17":{"start":{"line":87,"column":4},"end":{"line":90,"column":7}},"18":{"start":{"line":88,"column":6},"end":{"line":88,"column":65}},"19":{"start":{"line":89,"column":6},"end":{"line":89,"column":53}},"20":{"start":{"line":99,"column":38},"end":{"line":106,"column":1}},"21":{"start":{"line":100,"column":2},"end":{"line":105,"column":5}},"22":{"start":{"line":101,"column":4},"end":{"line":104,"column":7}},"23":{"start":{"line":102,"column":6},"end":{"line":102,"column":47}},"24":{"start":{"line":103,"column":6},"end":{"line":103,"column":53}},"25":{"start":{"line":115,"column":34},"end":{"line":128,"column":1}},"26":{"start":{"line":116,"column":21},"end":{"line":116,"column":23}},"27":{"start":{"line":117,"column":2},"end":{"line":121,"column":3}},"28":{"start":{"line":118,"column":4},"end":{"line":118,"column":44}},"29":{"start":{"line":119,"column":4},"end":{"line":119,"column":45}},"30":{"start":{"line":120,"column":4},"end":{"line":120,"column":43}},"31":{"start":{"line":123,"column":2},"end":{"line":127,"column":3}},"32":{"start":{"line":124,"column":4},"end":{"line":124,"column":44}},"33":{"start":{"line":125,"column":4},"end":{"line":125,"column":45}},"34":{"start":{"line":126,"column":4},"end":{"line":126,"column":43}}},"fnMap":{"0":{"name":"(anonymous_0)","decl":{"start":{"line":22,"column":21},"end":{"line":22,"column":22}},"loc":{"start":{"line":22,"column":36},"end":{"line":35,"column":1}},"line":22},"1":{"name":"(anonymous_1)","decl":{"start":{"line":44,"column":24},"end":{"line":44,"column":25}},"loc":{"start":{"line":44,"column":75},"end":{"line":48,"column":1}},"line":44},"2":{"name":"(anonymous_2)","decl":{"start":{"line":58,"column":47},"end":{"line":58,"column":48}},"loc":{"start":{"line":63,"column":5},"end":{"line":70,"column":1}},"line":63},"3":{"name":"(anonymous_3)","decl":{"start":{"line":64,"column":12},"end":{"line":64,"column":13}},"loc":{"start":{"line":64,"column":24},"end":{"line":69,"column":3}},"line":64},"4":{"name":"(anonymous_4)","decl":{"start":{"line":65,"column":18},"end":{"line":65,"column":19}},"loc":{"start":{"line":65,"column":24},"end":{"line":68,"column":5}},"line":65},"5":{"name":"(anonymous_5)","decl":{"start":{"line":80,"column":45},"end":{"line":80,"column":46}},"loc":{"start":{"line":85,"column":5},"end":{"line":92,"column":1}},"line":85},"6":{"name":"(anonymous_6)","decl":{"start":{"line":86,"column":12},"end":{"line":86,"column":13}},"loc":{"start":{"line":86,"column":24},"end":{"line":91,"column":3}},"line":86},"7":{"name":"(anonymous_7)","decl":{"start":{"line":87,"column":18},"end":{"line":87,"column":19}},"loc":{"start":{"line":87,"column":24},"end":{"line":90,"column":5}},"line":87},"8":{"name":"(anonymous_8)","decl":{"start":{"line":99,"column":38},"end":{"line":99,"column":39}},"loc":{"start":{"line":99,"column":76},"end":{"line":106,"column":1}},"line":99},"9":{"name":"(anonymous_9)","decl":{"start":{"line":100,"column":12},"end":{"line":100,"column":13}},"loc":{"start":{"line":100,"column":24},"end":{"line":105,"column":3}},"line":100},"10":{"name":"(anonymous_10)","decl":{"start":{"line":101,"column":18},"end":{"line":101,"column":19}},"loc":{"start":{"line":101,"column":24},"end":{"line":104,"column":5}},"line":101},"11":{"name":"(anonymous_11)","decl":{"start":{"line":115,"column":34},"end":{"line":115,"column":35}},"loc":{"start":{"line":115,"column":77},"end":{"line":128,"column":1}},"line":115}},"branchMap":{"0":{"loc":{"start":{"line":115,"column":61},"end":{"line":115,"column":72}},"type":"default-arg","locations":[{"start":{"line":115,"column":70},"end":{"line":115,"column":72}}],"line":115},"1":{"loc":{"start":{"line":117,"column":2},"end":{"line":121,"column":3}},"type":"if","locations":[{"start":{"line":117,"column":2},"end":{"line":121,"column":3}},{"start":{},"end":{}}],"line":117},"2":{"loc":{"start":{"line":123,"column":2},"end":{"line":127,"column":3}},"type":"if","locations":[{"start":{"line":123,"column":2},"end":{"line":127,"column":3}},{"start":{},"end":{}}],"line":123}},"s":{"0":1,"1":17,"2":17,"3":17,"4":17,"5":17,"6":1,"7":16,"8":16,"9":16,"10":1,"11":1,"12":1,"13":3,"14":1,"15":1,"16":2,"17":2,"18":2,"19":2,"20":1,"21":13,"22":13,"23":13,"24":13,"25":1,"26":15,"27":15,"28":15,"29":15,"30":15,"31":15,"32":6,"33":6,"34":6},"f":{"0":17,"1":16,"2":1,"3":1,"4":3,"5":2,"6":2,"7":2,"8":13,"9":13,"10":13,"11":15},"b":{"0":[9],"1":[15,0],"2":[6,9]},"_coverageSchema":"1a1c01bbd47fc00a2c39e90264f33305004495a9","hash":"6ea7014fc525382af727a7e7199481e56624277f"}
,"/home/runner/work/Puppies-and-Kittens-Adoption-Agency/Puppies-and-Kittens-Adoption-Agency/src/__utils__/convertNextGenImages.js": {"path":"/home/runner/work/Puppies-and-Kittens-Adoption-Agency/Puppies-and-Kittens-Adoption-Agency/src/__utils__/convertNextGenImages.js","statementMap":{"0":{"start":{"line":1,"column":11},"end":{"line":1,"column":24}},"1":{"start":{"line":2,"column":13},"end":{"line":2,"column":28}},"2":{"start":{"line":3,"column":14},"end":{"line":3,"column":30}},"3":{"start":{"line":4,"column":14},"end":{"line":4,"column":30}},"4":{"start":{"line":7,"column":2},"end":{"line":15,"column":7}},"5":{"start":{"line":10,"column":6},"end":{"line":14,"column":7}},"6":{"start":{"line":11,"column":8},"end":{"line":11,"column":54}},"7":{"start":{"line":13,"column":8},"end":{"line":13,"column":23}},"8":{"start":{"line":19,"column":2},"end":{"line":46,"column":5}},"9":{"start":{"line":20,"column":4},"end":{"line":22,"column":5}},"10":{"start":{"line":21,"column":6},"end":{"line":21,"column":57}},"11":{"start":{"line":24,"column":23},"end":{"line":26,"column":5}},"12":{"start":{"line":25,"column":6},"end":{"line":25,"column":60}},"13":{"start":{"line":29,"column":4},"end":{"line":45,"column":6}},"14":{"start":{"line":33,"column":26},"end":{"line":33,"column":52}},"15":{"start":{"line":34,"column":27},"end":{"line":37,"column":9}},"16":{"start":{"line":38,"column":8},"end":{"line":38,"column":58}},"17":{"start":{"line":41,"column":8},"end":{"line":43,"column":9}},"18":{"start":{"line":42,"column":10},"end":{"line":42,"column":73}},"19":{"start":{"line":50,"column":0},"end":{"line":50,"column":57}},"20":{"start":{"line":52,"column":0},"end":{"line":54,"column":2}}},"fnMap":{"0":{"name":"convertImage","decl":{"start":{"line":6,"column":9},"end":{"line":6,"column":21}},"loc":{"start":{"line":6,"column":61},"end":{"line":16,"column":1}},"line":6},"1":{"name":"(anonymous_1)","decl":{"start":{"line":9,"column":20},"end":{"line":9,"column":21}},"loc":{"start":{"line":9,"column":29},"end":{"line":15,"column":5}},"line":9},"2":{"name":"convertAllImagesInDirectory","decl":{"start":{"line":18,"column":9},"end":{"line":18,"column":36}},"loc":{"start":{"line":18,"column":48},"end":{"line":47,"column":1}},"line":18},"3":{"name":"(anonymous_3)","decl":{"start":{"line":19,"column":24},"end":{"line":19,"column":25}},"loc":{"start":{"line":19,"column":40},"end":{"line":46,"column":3}},"line":19},"4":{"name":"(anonymous_4)","decl":{"start":{"line":24,"column":36},"end":{"line":24,"column":37}},"loc":{"start":{"line":25,"column":6},"end":{"line":25,"column":60}},"line":25},"5":{"name":"(anonymous_5)","decl":{"start":{"line":32,"column":6},"end":{"line":32,"column":7}},"loc":{"start":{"line":32,"column":26},"end":{"line":39,"column":7}},"line":32},"6":{"name":"(anonymous_6)","decl":{"start":{"line":40,"column":6},"end":{"line":40,"column":7}},"loc":{"start":{"line":40,"column":18},"end":{"line":44,"column":7}},"line":40}},"branchMap":{"0":{"loc":{"start":{"line":6,"column":47},"end":{"line":6,"column":59}},"type":"default-arg","locations":[{"start":{"line":6,"column":57},"end":{"line":6,"column":59}}],"line":6},"1":{"loc":{"start":{"line":10,"column":6},"end":{"line":14,"column":7}},"type":"if","locations":[{"start":{"line":10,"column":6},"end":{"line":14,"column":7}},{"start":{"line":12,"column":13},"end":{"line":14,"column":7}}],"line":10},"2":{"loc":{"start":{"line":20,"column":4},"end":{"line":22,"column":5}},"type":"if","locations":[{"start":{"line":20,"column":4},"end":{"line":22,"column":5}},{"start":{},"end":{}}],"line":20},"3":{"loc":{"start":{"line":41,"column":8},"end":{"line":43,"column":9}},"type":"if","locations":[{"start":{"line":41,"column":8},"end":{"line":43,"column":9}},{"start":{},"end":{}}],"line":41}},"s":{"0":0,"1":0,"2":0,"3":0,"4":0,"5":0,"6":0,"7":0,"8":0,"9":0,"10":0,"11":0,"12":0,"13":0,"14":0,"15":0,"16":0,"17":0,"18":0,"19":0,"20":0},"f":{"0":0,"1":0,"2":0,"3":0,"4":0,"5":0,"6":0},"b":{"0":[0],"1":[0,0],"2":[0,0],"3":[0,0]}}
,"/home/runner/work/Puppies-and-Kittens-Adoption-Agency/Puppies-and-Kittens-Adoption-Agency/src/accessibility/accessibilityText.js": {"path":"/home/runner/work/Puppies-and-Kittens-Adoption-Agency/Puppies-and-Kittens-Adoption-Agency/src/accessibility/accessibilityText.js","statementMap":{"0":{"start":{"line":1,"column":19},"end":{"line":1,"column":27}},"1":{"start":{"line":2,"column":21},"end":{"line":2,"column":31}},"2":{"start":{"line":3,"column":27},"end":{"line":3,"column":68}},"3":{"start":{"line":5,"column":2},"end":{"line":5,"column":56}},"4":{"start":{"line":6,"column":25},"end":{"line":6,"column":69}},"5":{"start":{"line":8,"column":2},"end":{"line":8,"column":57}},"6":{"start":{"line":10,"column":2},"end":{"line":10,"column":56}},"7":{"start":{"line":11,"column":18},"end":{"line":11,"column":24}},"8":{"start":{"line":12,"column":17},"end":{"line":12,"column":22}},"9":{"start":{"line":13,"column":20},"end":{"line":13,"column":34}},"10":{"start":{"line":14,"column":19},"end":{"line":14,"column":26}},"11":{"start":{"line":15,"column":22},"end":{"line":15,"column":61}},"12":{"start":{"line":16,"column":20},"end":{"line":16,"column":28}},"13":{"start":{"line":17,"column":25},"end":{"line":17,"column":39}},"14":{"start":{"line":18,"column":28},"end":{"line":18,"column":51}},"15":{"start":{"line":19,"column":18},"end":{"line":19,"column":24}},"16":{"start":{"line":20,"column":19},"end":{"line":20,"column":26}},"17":{"start":{"line":21,"column":22},"end":{"line":21,"column":38}},"18":{"start":{"line":22,"column":28},"end":{"line":22,"column":64}},"19":{"start":{"line":23,"column":22},"end":{"line":23,"column":33}},"20":{"start":{"line":24,"column":23},"end":{"line":24,"column":35}},"21":{"start":{"line":25,"column":26},"end":{"line":25,"column":47}},"22":{"start":{"line":26,"column":20},"end":{"line":26,"column":29}},"23":{"start":{"line":27,"column":20},"end":{"line":27,"column":28}},"24":{"start":{"line":28,"column":22},"end":{"line":28,"column":60}},"25":{"start":{"line":29,"column":23},"end":{"line":29,"column":40}},"26":{"start":{"line":30,"column":28},"end":{"line":30,"column":45}},"27":{"start":{"line":31,"column":31},"end":{"line":31,"column":53}},"28":{"start":{"line":32,"column":32},"end":{"line":32,"column":54}},"29":{"start":{"line":33,"column":35},"end":{"line":33,"column":62}},"30":{"start":{"line":34,"column":23},"end":{"line":34,"column":35}},"31":{"start":{"line":35,"column":26},"end":{"line":35,"column":43}},"32":{"start":{"line":36,"column":20},"end":{"line":36,"column":38}},"33":{"start":{"line":37,"column":23},"end":{"line":37,"column":46}},"34":{"start":{"line":38,"column":19},"end":{"line":38,"column":26}},"35":{"start":{"line":39,"column":22},"end":{"line":39,"column":38}},"36":{"start":{"line":40,"column":25},"end":{"line":40,"column":39}},"37":{"start":{"line":41,"column":28},"end":{"line":41,"column":56}},"38":{"start":{"line":42,"column":25},"end":{"line":42,"column":39}},"39":{"start":{"line":43,"column":28},"end":{"line":43,"column":48}},"40":{"start":{"line":44,"column":24},"end":{"line":44,"column":37}},"41":{"start":{"line":45,"column":27},"end":{"line":45,"column":54}},"42":{"start":{"line":46,"column":26},"end":{"line":46,"column":41}},"43":{"start":{"line":47,"column":29},"end":{"line":47,"column":50}},"44":{"start":{"line":48,"column":26},"end":{"line":48,"column":41}},"45":{"start":{"line":49,"column":29},"end":{"line":49,"column":50}},"46":{"start":{"line":50,"column":22},"end":{"line":50,"column":33}},"47":{"start":{"line":51,"column":25},"end":{"line":51,"column":45}},"48":{"start":{"line":52,"column":18},"end":{"line":52,"column":25}},"49":{"start":{"line":53,"column":18},"end":{"line":53,"column":24}},"50":{"start":{"line":54,"column":21},"end":{"line":54,"column":36}},"51":{"start":{"line":55,"column":31},"end":{"line":55,"column":58}},"52":{"start":{"line":56,"column":34},"end":{"line":56,"column":70}},"53":{"start":{"line":57,"column":32},"end":{"line":57,"column":63}},"54":{"start":{"line":58,"column":35},"end":{"line":58,"column":62}},"55":{"start":{"line":59,"column":30},"end":{"line":59,"column":59}},"56":{"start":{"line":60,"column":33},"end":{"line":60,"column":58}},"57":{"start":{"line":61,"column":29},"end":{"line":61,"column":54}},"58":{"start":{"line":62,"column":32},"end":{"line":62,"column":66}},"59":{"start":{"line":63,"column":22},"end":{"line":63,"column":32}},"60":{"start":{"line":64,"column":25},"end":{"line":64,"column":44}},"61":{"start":{"line":65,"column":20},"end":{"line":65,"column":29}},"62":{"start":{"line":66,"column":18},"end":{"line":66,"column":24}},"63":{"start":{"line":67,"column":21},"end":{"line":67,"column":36}},"64":{"start":{"line":68,"column":18},"end":{"line":68,"column":24}},"65":{"start":{"line":69,"column":20},"end":{"line":69,"column":53}},"66":{"start":{"line":70,"column":21},"end":{"line":70,"column":36}},"67":{"start":{"line":71,"column":22},"end":{"line":71,"column":32}},"68":{"start":{"line":72,"column":25},"end":{"line":72,"column":44}},"69":{"start":{"line":73,"column":22},"end":{"line":73,"column":28}},"70":{"start":{"line":74,"column":25},"end":{"line":74,"column":40}},"71":{"start":{"line":75,"column":26},"end":{"line":75,"column":41}},"72":{"start":{"line":76,"column":28},"end":{"line":76,"column":46}},"73":{"start":{"line":77,"column":26},"end":{"line":77,"column":42}},"74":{"start":{"line":78,"column":27},"end":{"line":78,"column":44}},"75":{"start":{"line":79,"column":23},"end":{"line":79,"column":35}},"76":{"start":{"line":80,"column":25},"end":{"line":80,"column":39}},"77":{"start":{"line":81,"column":22},"end":{"line":81,"column":32}},"78":{"start":{"line":82,"column":18},"end":{"line":82,"column":24}},"79":{"start":{"line":83,"column":18},"end":{"line":83,"column":24}},"80":{"start":{"line":84,"column":20},"end":{"line":84,"column":28}},"81":{"start":{"line":86,"column":0},"end":{"line":168,"column":2}}},"fnMap":{},"branchMap":{},"s":{"0":12,"1":12,"2":12,"3":12,"4":12,"5":12,"6":12,"7":12,"8":12,"9":12,"10":12,"11":12,"12":12,"13":12,"14":12,"15":12,"16":12,"17":12,"18":12,"19":12,"20":12,"21":12,"22":12,"23":12,"24":12,"25":12,"26":12,"27":12,"28":12,"29":12,"30":12,"31":12,"32":12,"33":12,"34":12,"35":12,"36":12,"37":12,"38":12,"39":12,"40":12,"41":12,"42":12,"43":12,"44":12,"45":12,"46":12,"47":12,"48":12,"49":12,"50":12,"51":12,"52":12,"53":12,"54":12,"55":12,"56":12,"57":12,"58":12,"59":12,"60":12,"61":12,"62":12,"63":12,"64":12,"65":12,"66":12,"67":12,"68":12,"69":12,"70":12,"71":12,"72":12,"73":12,"74":12,"75":12,"76":12,"77":12,"78":12,"79":12,"80":12,"81":12},"f":{},"b":{},"_coverageSchema":"1a1c01bbd47fc00a2c39e90264f33305004495a9","hash":"45d7c4050d38ba0775233109f21db3d7382906d1"}
,"/home/runner/work/Puppies-and-Kittens-Adoption-Agency/Puppies-and-Kittens-Adoption-Agency/src/components/AddOrEditForm.jsx": {"path":"/home/runner/work/Puppies-and-Kittens-Adoption-Agency/Puppies-and-Kittens-Adoption-Agency/src/components/AddOrEditForm.jsx","statementMap":{"0":{"start":{"line":17,"column":35},"end":{"line":17,"column":53}},"1":{"start":{"line":19,"column":2},"end":{"line":88,"column":4}},"2":{"start":{"line":30,"column":14},"end":{"line":72,"column":15}},"3":{"start":{"line":51,"column":26},"end":{"line":53,"column":37}},"4":{"start":{"line":91,"column":0},"end":{"line":105,"column":2}},"5":{"start":{"line":107,"column":0},"end":{"line":109,"column":2}}},"fnMap":{"0":{"name":"AddOrEditForm","decl":{"start":{"line":16,"column":9},"end":{"line":16,"column":22}},"loc":{"start":{"line":16,"column":70},"end":{"line":89,"column":1}},"line":16},"1":{"name":"(anonymous_1)","decl":{"start":{"line":29,"column":28},"end":{"line":29,"column":29}},"loc":{"start":{"line":30,"column":14},"end":{"line":72,"column":15}},"line":30},"2":{"name":"(anonymous_2)","decl":{"start":{"line":50,"column":43},"end":{"line":50,"column":44}},"loc":{"start":{"line":51,"column":26},"end":{"line":53,"column":37}},"line":51}},"branchMap":{"0":{"loc":{"start":{"line":30,"column":14},"end":{"line":72,"column":15}},"type":"cond-expr","locations":[{"start":{"line":31,"column":16},"end":{"line":61,"column":23}},{"start":{"line":63,"column":16},"end":{"line":71,"column":18}}],"line":30},"1":{"loc":{"start":{"line":40,"column":29},"end":{"line":40,"column":79}},"type":"binary-expr","locations":[{"start":{"line":40,"column":29},"end":{"line":40,"column":48}},{"start":{"line":40,"column":52},"end":{"line":40,"column":79}}],"line":40},"2":{"loc":{"start":{"line":56,"column":23},"end":{"line":58,"column":23}},"type":"binary-expr","locations":[{"start":{"line":56,"column":23},"end":{"line":56,"column":42}},{"start":{"line":56,"column":46},"end":{"line":56,"column":64}},{"start":{"line":57,"column":24},"end":{"line":57,"column":77}}],"line":56}},"s":{"0":11,"1":11,"2":64,"3":10,"4":2,"5":2},"f":{"0":11,"1":64,"2":10},"b":{"0":[5,59],"1":[5,1],"2":[5,1,1]},"_coverageSchema":"1a1c01bbd47fc00a2c39e90264f33305004495a9","hash":"8dbea7734b69b8a46a9393c172b8b28889f01369"}
,"/home/runner/work/Puppies-and-Kittens-Adoption-Agency/Puppies-and-Kittens-Adoption-Agency/src/components/ConfirmationDialog.jsx": {"path":"/home/runner/work/Puppies-and-Kittens-Adoption-Agency/Puppies-and-Kittens-Adoption-Agency/src/components/ConfirmationDialog.jsx","statementMap":{"0":{"start":{"line":14,"column":2},"end":{"line":41,"column":4}},"1":{"start":{"line":44,"column":0},"end":{"line":48,"column":2}}},"fnMap":{"0":{"name":"ConfirmationDialog","decl":{"start":{"line":13,"column":9},"end":{"line":13,"column":27}},"loc":{"start":{"line":13,"column":58},"end":{"line":42,"column":1}},"line":13}},"branchMap":{},"s":{"0":8,"1":1},"f":{"0":8},"b":{},"_coverageSchema":"1a1c01bbd47fc00a2c39e90264f33305004495a9","hash":"0696fb94b688dc42cb1dc32ce04e7bb7b6137f5d"}
,"/home/runner/work/Puppies-and-Kittens-Adoption-Agency/Puppies-and-Kittens-Adoption-Agency/src/components/DetailsButtons.jsx": {"path":"/home/runner/work/Puppies-and-Kittens-Adoption-Agency/Puppies-and-Kittens-Adoption-Agency/src/components/DetailsButtons.jsx","statementMap":{"0":{"start":{"line":20,"column":23},"end":{"line":20,"column":27}},"1":{"start":{"line":22,"column":2},"end":{"line":58,"column":4}},"2":{"start":{"line":37,"column":25},"end":{"line":37,"column":35}},"3":{"start":{"line":47,"column":25},"end":{"line":47,"column":57}},"4":{"start":{"line":53,"column":25},"end":{"line":53,"column":58}},"5":{"start":{"line":54,"column":27},"end":{"line":54,"column":39}},"6":{"start":{"line":61,"column":0},"end":{"line":71,"column":2}}},"fnMap":{"0":{"name":"DetailsButtons","decl":{"start":{"line":12,"column":9},"end":{"line":12,"column":23}},"loc":{"start":{"line":19,"column":3},"end":{"line":59,"column":1}},"line":19},"1":{"name":"(anonymous_1)","decl":{"start":{"line":37,"column":19},"end":{"line":37,"column":20}},"loc":{"start":{"line":37,"column":25},"end":{"line":37,"column":35}},"line":37},"2":{"name":"(anonymous_2)","decl":{"start":{"line":47,"column":19},"end":{"line":47,"column":20}},"loc":{"start":{"line":47,"column":25},"end":{"line":47,"column":57}},"line":47},"3":{"name":"(anonymous_3)","decl":{"start":{"line":53,"column":19},"end":{"line":53,"column":20}},"loc":{"start":{"line":53,"column":25},"end":{"line":53,"column":58}},"line":53},"4":{"name":"(anonymous_4)","decl":{"start":{"line":54,"column":21},"end":{"line":54,"column":22}},"loc":{"start":{"line":54,"column":27},"end":{"line":54,"column":39}},"line":54}},"branchMap":{},"s":{"0":8,"1":8,"2":1,"3":0,"4":0,"5":0,"6":1},"f":{"0":8,"1":1,"2":0,"3":0,"4":0},"b":{},"_coverageSchema":"1a1c01bbd47fc00a2c39e90264f33305004495a9","hash":"2b51291e80b48c0c2d95de9b99ab017af929c1bf"}
,"/home/runner/work/Puppies-and-Kittens-Adoption-Agency/Puppies-and-Kittens-Adoption-Agency/src/components/DisplayImage.jsx": {"path":"/home/runner/work/Puppies-and-Kittens-Adoption-Agency/Puppies-and-Kittens-Adoption-Agency/src/components/DisplayImage.jsx","statementMap":{"0":{"start":{"line":6,"column":28},"end":{"line":15,"column":1}},"1":{"start":{"line":7,"column":2},"end":{"line":14,"column":3}},"2":{"start":{"line":9,"column":6},"end":{"line":9,"column":21}},"3":{"start":{"line":11,"column":6},"end":{"line":11,"column":22}},"4":{"start":{"line":13,"column":6},"end":{"line":13,"column":21}},"5":{"start":{"line":18,"column":2},"end":{"line":21,"column":25}},"6":{"start":{"line":19,"column":16},"end":{"line":19,"column":27}},"7":{"start":{"line":20,"column":4},"end":{"line":20,"column":44}},"8":{"start":{"line":23,"column":2},"end":{"line":44,"column":4}},"9":{"start":{"line":47,"column":0},"end":{"line":49,"column":2}},"10":{"start":{"line":51,"column":0},"end":{"line":58,"column":2}}},"fnMap":{"0":{"name":"(anonymous_0)","decl":{"start":{"line":6,"column":28},"end":{"line":6,"column":29}},"loc":{"start":{"line":6,"column":38},"end":{"line":15,"column":1}},"line":6},"1":{"name":"DisplayImage","decl":{"start":{"line":17,"column":9},"end":{"line":17,"column":21}},"loc":{"start":{"line":17,"column":71},"end":{"line":45,"column":1}},"line":17},"2":{"name":"(anonymous_2)","decl":{"start":{"line":18,"column":12},"end":{"line":18,"column":13}},"loc":{"start":{"line":18,"column":18},"end":{"line":21,"column":3}},"line":18}},"branchMap":{"0":{"loc":{"start":{"line":7,"column":2},"end":{"line":14,"column":3}},"type":"switch","locations":[{"start":{"line":8,"column":4},"end":{"line":9,"column":21}},{"start":{"line":10,"column":4},"end":{"line":11,"column":22}},{"start":{"line":12,"column":4},"end":{"line":13,"column":21}}],"line":7},"1":{"loc":{"start":{"line":27,"column":8},"end":{"line":29,"column":78}},"type":"cond-expr","locations":[{"start":{"line":28,"column":12},"end":{"line":28,"column":41}},{"start":{"line":29,"column":12},"end":{"line":29,"column":78}}],"line":27},"2":{"loc":{"start":{"line":27,"column":8},"end":{"line":27,"column":26}},"type":"binary-expr","locations":[{"start":{"line":27,"column":8},"end":{"line":27,"column":13}},{"start":{"line":27,"column":17},"end":{"line":27,"column":26}}],"line":27},"3":{"loc":{"start":{"line":32,"column":8},"end":{"line":34,"column":43}},"type":"cond-expr","locations":[{"start":{"line":33,"column":12},"end":{"line":33,"column":31}},{"start":{"line":34,"column":12},"end":{"line":34,"column":43}}],"line":32},"4":{"loc":{"start":{"line":32,"column":8},"end":{"line":32,"column":26}},"type":"binary-expr","locations":[{"start":{"line":32,"column":8},"end":{"line":32,"column":13}},{"start":{"line":32,"column":17},"end":{"line":32,"column":26}}],"line":32}},"s":{"0":8,"1":0,"2":0,"3":0,"4":0,"5":1225,"6":95,"7":95,"8":1225,"9":8,"10":8},"f":{"0":0,"1":1225,"2":95},"b":{"0":[0,0,0],"1":[1225,0],"2":[1225,1225],"3":[1225,0],"4":[1225,1225]},"_coverageSchema":"1a1c01bbd47fc00a2c39e90264f33305004495a9","hash":"d62f5ae24a8ef590c4dd691ab9188afd8ad2de7c"}
,"/home/runner/work/Puppies-and-Kittens-Adoption-Agency/Puppies-and-Kittens-Adoption-Agency/src/components/Favorites.jsx": {"path":"/home/runner/work/Puppies-and-Kittens-Adoption-Agency/Puppies-and-Kittens-Adoption-Agency/src/components/Favorites.jsx","statementMap":{"0":{"start":{"line":17,"column":30},"end":{"line":17,"column":58}},"1":{"start":{"line":18,"column":19},"end":{"line":18,"column":51}},"2":{"start":{"line":19,"column":26},"end":{"line":19,"column":37}},"3":{"start":{"line":21,"column":31},"end":{"line":27,"column":16}},"4":{"start":{"line":22,"column":17},"end":{"line":22,"column":39}},"5":{"start":{"line":23,"column":4},"end":{"line":23,"column":60}},"6":{"start":{"line":24,"column":24},"end":{"line":24,"column":69}},"7":{"start":{"line":24,"column":57},"end":{"line":24,"column":68}},"8":{"start":{"line":25,"column":4},"end":{"line":25,"column":59}},"9":{"start":{"line":26,"column":4},"end":{"line":26,"column":51}},"10":{"start":{"line":29,"column":2},"end":{"line":31,"column":29}},"11":{"start":{"line":30,"column":4},"end":{"line":30,"column":27}},"12":{"start":{"line":33,"column":31},"end":{"line":42,"column":3}},"13":{"start":{"line":35,"column":6},"end":{"line":39,"column":7}},"14":{"start":{"line":36,"column":8},"end":{"line":36,"column":54}},"15":{"start":{"line":38,"column":8},"end":{"line":38,"column":66}},"16":{"start":{"line":44,"column":2},"end":{"line":46,"column":3}},"17":{"start":{"line":45,"column":4},"end":{"line":45,"column":23}},"18":{"start":{"line":48,"column":2},"end":{"line":86,"column":4}},"19":{"start":{"line":60,"column":32},"end":{"line":60,"column":67}},"20":{"start":{"line":63,"column":14},"end":{"line":74,"column":16}}},"fnMap":{"0":{"name":"Favorites","decl":{"start":{"line":16,"column":24},"end":{"line":16,"column":33}},"loc":{"start":{"line":16,"column":36},"end":{"line":87,"column":1}},"line":16},"1":{"name":"(anonymous_1)","decl":{"start":{"line":21,"column":43},"end":{"line":21,"column":44}},"loc":{"start":{"line":21,"column":55},"end":{"line":27,"column":3}},"line":21},"2":{"name":"(anonymous_2)","decl":{"start":{"line":24,"column":43},"end":{"line":24,"column":44}},"loc":{"start":{"line":24,"column":57},"end":{"line":24,"column":68}},"line":24},"3":{"name":"(anonymous_3)","decl":{"start":{"line":29,"column":12},"end":{"line":29,"column":13}},"loc":{"start":{"line":29,"column":18},"end":{"line":31,"column":3}},"line":29},"4":{"name":"(anonymous_4)","decl":{"start":{"line":34,"column":4},"end":{"line":34,"column":5}},"loc":{"start":{"line":34,"column":18},"end":{"line":40,"column":5}},"line":34},"5":{"name":"(anonymous_5)","decl":{"start":{"line":60,"column":20},"end":{"line":60,"column":21}},"loc":{"start":{"line":60,"column":32},"end":{"line":60,"column":67}},"line":60},"6":{"name":"(anonymous_6)","decl":{"start":{"line":62,"column":17},"end":{"line":62,"column":18}},"loc":{"start":{"line":63,"column":14},"end":{"line":74,"column":16}},"line":63}},"branchMap":{"0":{"loc":{"start":{"line":35,"column":6},"end":{"line":39,"column":7}},"type":"if","locations":[{"start":{"line":35,"column":6},"end":{"line":39,"column":7}},{"start":{"line":37,"column":13},"end":{"line":39,"column":7}}],"line":35},"1":{"loc":{"start":{"line":44,"column":2},"end":{"line":46,"column":3}},"type":"if","locations":[{"start":{"line":44,"column":2},"end":{"line":46,"column":3}},{"start":{},"end":{}}],"line":44}},"s":{"0":0,"1":0,"2":0,"3":0,"4":0,"5":0,"6":0,"7":0,"8":0,"9":0,"10":0,"11":0,"12":0,"13":0,"14":0,"15":0,"16":0,"17":0,"18":0,"19":0,"20":0},"f":{"0":0,"1":0,"2":0,"3":0,"4":0,"5":0,"6":0},"b":{"0":[0,0],"1":[0,0]}}
,"/home/runner/work/Puppies-and-Kittens-Adoption-Agency/Puppies-and-Kittens-Adoption-Agency/src/components/FormButtons.jsx": {"path":"/home/runner/work/Puppies-and-Kittens-Adoption-Agency/Puppies-and-Kittens-Adoption-Agency/src/components/FormButtons.jsx","statementMap":{"0":{"start":{"line":8,"column":18},"end":{"line":8,"column":30}},"1":{"start":{"line":10,"column":2},"end":{"line":31,"column":4}},"2":{"start":{"line":26,"column":23},"end":{"line":26,"column":72}},"3":{"start":{"line":34,"column":0},"end":{"line":36,"column":2}},"4":{"start":{"line":38,"column":0},"end":{"line":41,"column":2}}},"fnMap":{"0":{"name":"FormButtons","decl":{"start":{"line":7,"column":9},"end":{"line":7,"column":20}},"loc":{"start":{"line":7,"column":39},"end":{"line":32,"column":1}},"line":7},"1":{"name":"(anonymous_1)","decl":{"start":{"line":26,"column":17},"end":{"line":26,"column":18}},"loc":{"start":{"line":26,"column":23},"end":{"line":26,"column":72}},"line":26}},"branchMap":{"0":{"loc":{"start":{"line":26,"column":36},"end":{"line":26,"column":71}},"type":"cond-expr","locations":[{"start":{"line":26,"column":41},"end":{"line":26,"column":60}},{"start":{"line":26,"column":63},"end":{"line":26,"column":71}}],"line":26}},"s":{"0":11,"1":11,"2":0,"3":2,"4":2},"f":{"0":11,"1":0},"b":{"0":[0,0]},"_coverageSchema":"1a1c01bbd47fc00a2c39e90264f33305004495a9","hash":"2b0804aab74da7d09bb40e3cd2c39929df8da132"}
,"/home/runner/work/Puppies-and-Kittens-Adoption-Agency/Puppies-and-Kittens-Adoption-Agency/src/components/FormField.jsx": {"path":"/home/runner/work/Puppies-and-Kittens-Adoption-Agency/Puppies-and-Kittens-Adoption-Agency/src/components/FormField.jsx","statementMap":{"0":{"start":{"line":7,"column":2},"end":{"line":17,"column":4}},"1":{"start":{"line":21,"column":2},"end":{"line":39,"column":4}},"2":{"start":{"line":42,"column":0},"end":{"line":53,"column":2}},"3":{"start":{"line":55,"column":0},"end":{"line":65,"column":2}}},"fnMap":{"0":{"name":"FormField","decl":{"start":{"line":6,"column":9},"end":{"line":6,"column":18}},"loc":{"start":{"line":6,"column":63},"end":{"line":18,"column":1}},"line":6},"1":{"name":"MultiLineFormField","decl":{"start":{"line":20,"column":9},"end":{"line":20,"column":27}},"loc":{"start":{"line":20,"column":66},"end":{"line":40,"column":1}},"line":20}},"branchMap":{"0":{"loc":{"start":{"line":12,"column":9},"end":{"line":14,"column":16}},"type":"cond-expr","locations":[{"start":{"line":13,"column":10},"end":{"line":13,"column":60}},{"start":{"line":14,"column":12},"end":{"line":14,"column":16}}],"line":12},"1":{"loc":{"start":{"line":12,"column":9},"end":{"line":12,"column":38}},"type":"binary-expr","locations":[{"start":{"line":12,"column":9},"end":{"line":12,"column":21}},{"start":{"line":12,"column":25},"end":{"line":12,"column":38}}],"line":12},"2":{"loc":{"start":{"line":34,"column":9},"end":{"line":36,"column":16}},"type":"cond-expr","locations":[{"start":{"line":35,"column":10},"end":{"line":35,"column":60}},{"start":{"line":36,"column":12},"end":{"line":36,"column":16}}],"line":34},"3":{"loc":{"start":{"line":34,"column":9},"end":{"line":34,"column":38}},"type":"binary-expr","locations":[{"start":{"line":34,"column":9},"end":{"line":34,"column":21}},{"start":{"line":34,"column":25},"end":{"line":34,"column":38}}],"line":34}},"s":{"0":59,"1":11,"2":2,"3":2},"f":{"0":59,"1":11},"b":{"0":[0,59],"1":[59,0],"2":[0,11],"3":[11,0]},"_coverageSchema":"1a1c01bbd47fc00a2c39e90264f33305004495a9","hash":"2158cb8cb4b2593e90c8c9575b6eb193a5e80d74"}
,"/home/runner/work/Puppies-and-Kittens-Adoption-Agency/Puppies-and-Kittens-Adoption-Agency/src/components/Loading.jsx": {"path":"/home/runner/work/Puppies-and-Kittens-Adoption-Agency/Puppies-and-Kittens-Adoption-Agency/src/components/Loading.jsx","statementMap":{"0":{"start":{"line":5,"column":2},"end":{"line":19,"column":4}}},"fnMap":{"0":{"name":"Loading","decl":{"start":{"line":4,"column":9},"end":{"line":4,"column":16}},"loc":{"start":{"line":4,"column":19},"end":{"line":20,"column":1}},"line":4}},"branchMap":{},"s":{"0":2},"f":{"0":2},"b":{},"_coverageSchema":"1a1c01bbd47fc00a2c39e90264f33305004495a9","hash":"e0ce6963cc5d7ebc6ec4c082e7976f38a8e4fc05"}
,"/home/runner/work/Puppies-and-Kittens-Adoption-Agency/Puppies-and-Kittens-Adoption-Agency/src/components/PaginationButtons.jsx": {"path":"/home/runner/work/Puppies-and-Kittens-Adoption-Agency/Puppies-and-Kittens-Adoption-Agency/src/components/PaginationButtons.jsx","statementMap":{"0":{"start":{"line":6,"column":2},"end":{"line":29,"column":4}},"1":{"start":{"line":13,"column":23},"end":{"line":13,"column":40}},"2":{"start":{"line":23,"column":23},"end":{"line":23,"column":40}},"3":{"start":{"line":32,"column":0},"end":{"line":36,"column":2}}},"fnMap":{"0":{"name":"PaginationButtons","decl":{"start":{"line":5,"column":9},"end":{"line":5,"column":26}},"loc":{"start":{"line":5,"column":58},"end":{"line":30,"column":1}},"line":5},"1":{"name":"(anonymous_1)","decl":{"start":{"line":13,"column":17},"end":{"line":13,"column":18}},"loc":{"start":{"line":13,"column":23},"end":{"line":13,"column":40}},"line":13},"2":{"name":"(anonymous_2)","decl":{"start":{"line":23,"column":17},"end":{"line":23,"column":18}},"loc":{"start":{"line":23,"column":23},"end":{"line":23,"column":40}},"line":23}},"branchMap":{},"s":{"0":5,"1":0,"2":0,"3":1},"f":{"0":5,"1":0,"2":0},"b":{},"_coverageSchema":"1a1c01bbd47fc00a2c39e90264f33305004495a9","hash":"4751b8d83970ffd28c0999a4565b3c24cfbf9bd2"}
,"/home/runner/work/Puppies-and-Kittens-Adoption-Agency/Puppies-and-Kittens-Adoption-Agency/src/components/SummaryCard.jsx": {"path":"/home/runner/work/Puppies-and-Kittens-Adoption-Agency/Puppies-and-Kittens-Adoption-Agency/src/components/SummaryCard.jsx","statementMap":{"0":{"start":{"line":18,"column":18},"end":{"line":18,"column":30}},"1":{"start":{"line":20,"column":24},"end":{"line":22,"column":3}},"2":{"start":{"line":21,"column":4},"end":{"line":21,"column":47}},"3":{"start":{"line":24,"column":2},"end":{"line":50,"column":4}},"4":{"start":{"line":53,"column":0},"end":{"line":61,"column":2}}},"fnMap":{"0":{"name":"SummaryCard","decl":{"start":{"line":9,"column":24},"end":{"line":9,"column":35}},"loc":{"start":{"line":17,"column":3},"end":{"line":51,"column":1}},"line":17},"1":{"name":"(anonymous_1)","decl":{"start":{"line":20,"column":24},"end":{"line":20,"column":25}},"loc":{"start":{"line":20,"column":30},"end":{"line":22,"column":3}},"line":20}},"branchMap":{"0":{"loc":{"start":{"line":16,"column":2},"end":{"line":16,"column":21}},"type":"default-arg","locations":[{"start":{"line":16,"column":14},"end":{"line":16,"column":21}}],"line":16}},"s":{"0":53,"1":53,"2":0,"3":53,"4":7},"f":{"0":53,"1":0},"b":{"0":[0]},"_coverageSchema":"1a1c01bbd47fc00a2c39e90264f33305004495a9","hash":"8e861742c640c11c40e983cc62d6615855d4d2aa"}
,"/home/runner/work/Puppies-and-Kittens-Adoption-Agency/Puppies-and-Kittens-Adoption-Agency/src/components/admins/AdminCard.jsx": {"path":"/home/runner/work/Puppies-and-Kittens-Adoption-Agency/Puppies-and-Kittens-Adoption-Agency/src/components/admins/AdminCard.jsx","statementMap":{"0":{"start":{"line":24,"column":16},"end":{"line":33,"column":3}},"1":{"start":{"line":35,"column":2},"end":{"line":66,"column":4}},"2":{"start":{"line":69,"column":0},"end":{"line":78,"column":2}}},"fnMap":{"0":{"name":"AdminCard","decl":{"start":{"line":14,"column":9},"end":{"line":14,"column":18}},"loc":{"start":{"line":23,"column":3},"end":{"line":67,"column":1}},"line":23}},"branchMap":{},"s":{"0":14,"1":14,"2":3},"f":{"0":14},"b":{},"_coverageSchema":"1a1c01bbd47fc00a2c39e90264f33305004495a9","hash":"eac671720b085a4f77d948fa522eea613f6cf1b1"}
,"/home/runner/work/Puppies-and-Kittens-Adoption-Agency/Puppies-and-Kittens-Adoption-Agency/src/components/admins/AdminDetails.jsx": {"path":"/home/runner/work/Puppies-and-Kittens-Adoption-Agency/Puppies-and-Kittens-Adoption-Agency/src/components/admins/AdminDetails.jsx","statementMap":{"0":{"start":{"line":20,"column":17},"end":{"line":20,"column":28}},"1":{"start":{"line":21,"column":30},"end":{"line":21,"column":58}},"2":{"start":{"line":22,"column":18},"end":{"line":22,"column":30}},"3":{"start":{"line":23,"column":19},"end":{"line":23,"column":48}},"4":{"start":{"line":25,"column":2},"end":{"line":27,"column":21}},"5":{"start":{"line":26,"column":4},"end":{"line":26,"column":71}},"6":{"start":{"line":29,"column":2},"end":{"line":31,"column":3}},"7":{"start":{"line":30,"column":4},"end":{"line":30,"column":23}},"8":{"start":{"line":33,"column":15},"end":{"line":33,"column":33}},"9":{"start":{"line":35,"column":2},"end":{"line":63,"column":4}},"10":{"start":{"line":53,"column":24},"end":{"line":53,"column":61}},"11":{"start":{"line":54,"column":24},"end":{"line":54,"column":67}},"12":{"start":{"line":56,"column":12},"end":{"line":56,"column":75}}},"fnMap":{"0":{"name":"AdminDetails","decl":{"start":{"line":19,"column":24},"end":{"line":19,"column":36}},"loc":{"start":{"line":19,"column":39},"end":{"line":64,"column":1}},"line":19},"1":{"name":"(anonymous_1)","decl":{"start":{"line":25,"column":12},"end":{"line":25,"column":13}},"loc":{"start":{"line":25,"column":18},"end":{"line":27,"column":3}},"line":25},"2":{"name":"(anonymous_2)","decl":{"start":{"line":53,"column":18},"end":{"line":53,"column":19}},"loc":{"start":{"line":53,"column":24},"end":{"line":53,"column":61}},"line":53},"3":{"name":"(anonymous_3)","decl":{"start":{"line":54,"column":18},"end":{"line":54,"column":19}},"loc":{"start":{"line":54,"column":24},"end":{"line":54,"column":67}},"line":54},"4":{"name":"(anonymous_4)","decl":{"start":{"line":55,"column":20},"end":{"line":55,"column":21}},"loc":{"start":{"line":56,"column":12},"end":{"line":56,"column":75}},"line":56}},"branchMap":{"0":{"loc":{"start":{"line":29,"column":2},"end":{"line":31,"column":3}},"type":"if","locations":[{"start":{"line":29,"column":2},"end":{"line":31,"column":3}},{"start":{},"end":{}}],"line":29},"1":{"loc":{"start":{"line":29,"column":6},"end":{"line":29,"column":42}},"type":"binary-expr","locations":[{"start":{"line":29,"column":6},"end":{"line":29,"column":19}},{"start":{"line":29,"column":23},"end":{"line":29,"column":42}}],"line":29}},"s":{"0":9,"1":9,"2":9,"3":9,"4":9,"5":9,"6":9,"7":1,"8":8,"9":8,"10":1,"11":1,"12":0},"f":{"0":9,"1":9,"2":1,"3":1,"4":0},"b":{"0":[1,8],"1":[9,8]},"_coverageSchema":"1a1c01bbd47fc00a2c39e90264f33305004495a9","hash":"77d91437a3a862c5abebfef8def5c25a7d6b837a"}
,"/home/runner/work/Puppies-and-Kittens-Adoption-Agency/Puppies-and-Kittens-Adoption-Agency/src/components/admins/AdminDetailsLayout.jsx": {"path":"/home/runner/work/Puppies-and-Kittens-Adoption-Agency/Puppies-and-Kittens-Adoption-Agency/src/components/admins/AdminDetailsLayout.jsx","statementMap":{"0":{"start":{"line":19,"column":6},"end":{"line":19,"column":11}},"1":{"start":{"line":21,"column":2},"end":{"line":102,"column":4}},"2":{"start":{"line":105,"column":0},"end":{"line":122,"column":2}}},"fnMap":{"0":{"name":"AdminDetailsLayout","decl":{"start":{"line":6,"column":9},"end":{"line":6,"column":27}},"loc":{"start":{"line":6,"column":39},"end":{"line":103,"column":1}},"line":6}},"branchMap":{"0":{"loc":{"start":{"line":83,"column":15},"end":{"line":83,"column":48}},"type":"cond-expr","locations":[{"start":{"line":83,"column":36},"end":{"line":83,"column":41}},{"start":{"line":83,"column":44},"end":{"line":83,"column":48}}],"line":83}},"s":{"0":8,"1":8,"2":1},"f":{"0":8},"b":{"0":[8,0]},"_coverageSchema":"1a1c01bbd47fc00a2c39e90264f33305004495a9","hash":"23d8bf4e4c61c9292a90a09f1b1913ba0fee35d2"}
,"/home/runner/work/Puppies-and-Kittens-Adoption-Agency/Puppies-and-Kittens-Adoption-Agency/src/components/admins/Admins.jsx": {"path":"/home/runner/work/Puppies-and-Kittens-Adoption-Agency/Puppies-and-Kittens-Adoption-Agency/src/components/admins/Admins.jsx","statementMap":{"0":{"start":{"line":16,"column":30},"end":{"line":16,"column":58}},"1":{"start":{"line":17,"column":19},"end":{"line":17,"column":48}},"2":{"start":{"line":18,"column":26},"end":{"line":18,"column":37}},"3":{"start":{"line":19,"column":19},"end":{"line":19,"column":23}},"4":{"start":{"line":21,"column":2},"end":{"line":32,"column":17}},"5":{"start":{"line":22,"column":4},"end":{"line":31,"column":9}},"6":{"start":{"line":24,"column":8},"end":{"line":27,"column":9}},"7":{"start":{"line":25,"column":10},"end":{"line":25,"column":40}},"8":{"start":{"line":26,"column":10},"end":{"line":26,"column":67}},"9":{"start":{"line":30,"column":8},"end":{"line":30,"column":64}},"10":{"start":{"line":34,"column":2},"end":{"line":36,"column":3}},"11":{"start":{"line":35,"column":4},"end":{"line":35,"column":23}},"12":{"start":{"line":38,"column":2},"end":{"line":75,"column":4}},"13":{"start":{"line":52,"column":14},"end":{"line":62,"column":16}}},"fnMap":{"0":{"name":"Admins","decl":{"start":{"line":15,"column":24},"end":{"line":15,"column":30}},"loc":{"start":{"line":15,"column":33},"end":{"line":76,"column":1}},"line":15},"1":{"name":"(anonymous_1)","decl":{"start":{"line":21,"column":12},"end":{"line":21,"column":13}},"loc":{"start":{"line":21,"column":18},"end":{"line":32,"column":3}},"line":21},"2":{"name":"(anonymous_2)","decl":{"start":{"line":23,"column":12},"end":{"line":23,"column":13}},"loc":{"start":{"line":23,"column":22},"end":{"line":28,"column":7}},"line":23},"3":{"name":"(anonymous_3)","decl":{"start":{"line":29,"column":13},"end":{"line":29,"column":14}},"loc":{"start":{"line":29,"column":22},"end":{"line":31,"column":7}},"line":29},"4":{"name":"(anonymous_4)","decl":{"start":{"line":51,"column":64},"end":{"line":51,"column":65}},"loc":{"start":{"line":52,"column":14},"end":{"line":62,"column":16}},"line":52}},"branchMap":{"0":{"loc":{"start":{"line":24,"column":8},"end":{"line":27,"column":9}},"type":"if","locations":[{"start":{"line":24,"column":8},"end":{"line":27,"column":9}},{"start":{},"end":{}}],"line":24},"1":{"loc":{"start":{"line":34,"column":2},"end":{"line":36,"column":3}},"type":"if","locations":[{"start":{"line":34,"column":2},"end":{"line":36,"column":3}},{"start":{},"end":{}}],"line":34},"2":{"loc":{"start":{"line":41,"column":7},"end":{"line":41,"column":27}},"type":"binary-expr","locations":[{"start":{"line":41,"column":7},"end":{"line":41,"column":16}},{"start":{"line":41,"column":20},"end":{"line":41,"column":27}}],"line":41},"3":{"loc":{"start":{"line":42,"column":7},"end":{"line":73,"column":7}},"type":"binary-expr","locations":[{"start":{"line":42,"column":7},"end":{"line":42,"column":15}},{"start":{"line":43,"column":8},"end":{"line":72,"column":15}}],"line":42}},"s":{"0":6,"1":6,"2":6,"3":6,"4":6,"5":6,"6":0,"7":0,"8":0,"9":0,"10":6,"11":1,"12":5,"13":5},"f":{"0":6,"1":6,"2":0,"3":0,"4":5},"b":{"0":[0,0],"1":[1,5],"2":[5,0],"3":[5,5]},"_coverageSchema":"1a1c01bbd47fc00a2c39e90264f33305004495a9","hash":"d9a0ef1629935a83375b883767cefdb299eeb25d"}
,"/home/runner/work/Puppies-and-Kittens-Adoption-Agency/Puppies-and-Kittens-Adoption-Agency/src/components/admins/CreateAdminDetails.jsx": {"path":"/home/runner/work/Puppies-and-Kittens-Adoption-Agency/Puppies-and-Kittens-Adoption-Agency/src/components/admins/CreateAdminDetails.jsx","statementMap":{"0":{"start":{"line":14,"column":18},"end":{"line":14,"column":30}},"1":{"start":{"line":15,"column":19},"end":{"line":15,"column":48}},"2":{"start":{"line":17,"column":23},"end":{"line":22,"column":3}},"3":{"start":{"line":19,"column":6},"end":{"line":19,"column":73}},"4":{"start":{"line":24,"column":2},"end":{"line":51,"column":4}},"5":{"start":{"line":31,"column":8},"end":{"line":48,"column":14}}},"fnMap":{"0":{"name":"CreateAdminDetails","decl":{"start":{"line":13,"column":24},"end":{"line":13,"column":42}},"loc":{"start":{"line":13,"column":45},"end":{"line":52,"column":1}},"line":13},"1":{"name":"(anonymous_1)","decl":{"start":{"line":18,"column":4},"end":{"line":18,"column":5}},"loc":{"start":{"line":18,"column":16},"end":{"line":20,"column":5}},"line":18},"2":{"name":"(anonymous_2)","decl":{"start":{"line":30,"column":7},"end":{"line":30,"column":8}},"loc":{"start":{"line":31,"column":8},"end":{"line":48,"column":14}},"line":31}},"branchMap":{},"s":{"0":6,"1":6,"2":6,"3":0,"4":6,"5":6},"f":{"0":6,"1":0,"2":6},"b":{},"_coverageSchema":"1a1c01bbd47fc00a2c39e90264f33305004495a9","hash":"56122e7e4bb51bf407175c2dc76d42e102c30e05"}
,"/home/runner/work/Puppies-and-Kittens-Adoption-Agency/Puppies-and-Kittens-Adoption-Agency/src/components/admins/CreateAdminForm.jsx": {"path":"/home/runner/work/Puppies-and-Kittens-Adoption-Agency/Puppies-and-Kittens-Adoption-Agency/src/components/admins/CreateAdminForm.jsx","statementMap":{"0":{"start":{"line":7,"column":2},"end":{"line":14,"column":4}},"1":{"start":{"line":17,"column":0},"end":{"line":21,"column":2}}},"fnMap":{"0":{"name":"CreateAdminForm","decl":{"start":{"line":6,"column":9},"end":{"line":6,"column":24}},"loc":{"start":{"line":6,"column":56},"end":{"line":15,"column":1}},"line":6}},"branchMap":{},"s":{"0":6,"1":1},"f":{"0":6},"b":{},"_coverageSchema":"1a1c01bbd47fc00a2c39e90264f33305004495a9","hash":"8829f7c03153b76c5f8f2cfdc6c584809b6d311f"}
,"/home/runner/work/Puppies-and-Kittens-Adoption-Agency/Puppies-and-Kittens-Adoption-Agency/src/components/admins/EditAdminDetails.jsx": {"path":"/home/runner/work/Puppies-and-Kittens-Adoption-Agency/Puppies-and-Kittens-Adoption-Agency/src/components/admins/EditAdminDetails.jsx","statementMap":{"0":{"start":{"line":19,"column":17},"end":{"line":19,"column":28}},"1":{"start":{"line":20,"column":18},"end":{"line":20,"column":30}},"2":{"start":{"line":21,"column":19},"end":{"line":21,"column":48}},"3":{"start":{"line":23,"column":28},"end":{"line":23,"column":71}},"4":{"start":{"line":25,"column":2},"end":{"line":27,"column":11}},"5":{"start":{"line":26,"column":4},"end":{"line":26,"column":68}},"6":{"start":{"line":29,"column":23},"end":{"line":34,"column":3}},"7":{"start":{"line":31,"column":6},"end":{"line":31,"column":66}},"8":{"start":{"line":36,"column":2},"end":{"line":65,"column":4}},"9":{"start":{"line":44,"column":8},"end":{"line":62,"column":14}}},"fnMap":{"0":{"name":"EditAdminDetails","decl":{"start":{"line":18,"column":24},"end":{"line":18,"column":40}},"loc":{"start":{"line":18,"column":43},"end":{"line":66,"column":1}},"line":18},"1":{"name":"(anonymous_1)","decl":{"start":{"line":25,"column":12},"end":{"line":25,"column":13}},"loc":{"start":{"line":25,"column":18},"end":{"line":27,"column":3}},"line":25},"2":{"name":"(anonymous_2)","decl":{"start":{"line":30,"column":4},"end":{"line":30,"column":5}},"loc":{"start":{"line":30,"column":16},"end":{"line":32,"column":5}},"line":30},"3":{"name":"(anonymous_3)","decl":{"start":{"line":43,"column":7},"end":{"line":43,"column":8}},"loc":{"start":{"line":44,"column":8},"end":{"line":62,"column":14}},"line":44}},"branchMap":{},"s":{"0":0,"1":0,"2":0,"3":0,"4":0,"5":0,"6":0,"7":0,"8":0,"9":0},"f":{"0":0,"1":0,"2":0,"3":0},"b":{}}
,"/home/runner/work/Puppies-and-Kittens-Adoption-Agency/Puppies-and-Kittens-Adoption-Agency/src/components/admins/EditAdminForm.jsx": {"path":"/home/runner/work/Puppies-and-Kittens-Adoption-Agency/Puppies-and-Kittens-Adoption-Agency/src/components/admins/EditAdminForm.jsx","statementMap":{"0":{"start":{"line":7,"column":2},"end":{"line":15,"column":4}},"1":{"start":{"line":18,"column":0},"end":{"line":23,"column":2}}},"fnMap":{"0":{"name":"EditAdminForm","decl":{"start":{"line":6,"column":9},"end":{"line":6,"column":22}},"loc":{"start":{"line":6,"column":58},"end":{"line":16,"column":1}},"line":6}},"branchMap":{},"s":{"0":0,"1":0},"f":{"0":0},"b":{}}
,"/home/runner/work/Puppies-and-Kittens-Adoption-Agency/Puppies-and-Kittens-Adoption-Agency/src/components/admins/__tests__/adminsData.jsx": {"path":"/home/runner/work/Puppies-and-Kittens-Adoption-Agency/Puppies-and-Kittens-Adoption-Agency/src/components/admins/__tests__/adminsData.jsx","statementMap":{"0":{"start":{"line":4,"column":26},"end":{"line":22,"column":1}},"1":{"start":{"line":25,"column":2},"end":{"line":36,"column":4}}},"fnMap":{"0":{"name":"getAdminCard","decl":{"start":{"line":24,"column":16},"end":{"line":24,"column":28}},"loc":{"start":{"line":24,"column":31},"end":{"line":37,"column":1}},"line":24}},"branchMap":{},"s":{"0":3,"1":9},"f":{"0":9},"b":{},"_coverageSchema":"1a1c01bbd47fc00a2c39e90264f33305004495a9","hash":"d32fdfa0207e76469d581706bc44c6cfdc1b86e4"}
,"/home/runner/work/Puppies-and-Kittens-Adoption-Agency/Puppies-and-Kittens-Adoption-Agency/src/components/adopters/AdopterCard.jsx": {"path":"/home/runner/work/Puppies-and-Kittens-Adoption-Agency/Puppies-and-Kittens-Adoption-Agency/src/components/adopters/AdopterCard.jsx","statementMap":{"0":{"start":{"line":9,"column":18},"end":{"line":16,"column":3}},"1":{"start":{"line":18,"column":2},"end":{"line":41,"column":4}},"2":{"start":{"line":44,"column":0},"end":{"line":51,"column":2}}},"fnMap":{"0":{"name":"AdopterCard","decl":{"start":{"line":8,"column":9},"end":{"line":8,"column":20}},"loc":{"start":{"line":8,"column":79},"end":{"line":42,"column":1}},"line":8}},"branchMap":{"0":{"loc":{"start":{"line":34,"column":28},"end":{"line":34,"column":61}},"type":"cond-expr","locations":[{"start":{"line":34,"column":49},"end":{"line":34,"column":54}},{"start":{"line":34,"column":57},"end":{"line":34,"column":61}}],"line":34}},"s":{"0":8,"1":8,"2":1},"f":{"0":8},"b":{"0":[7,1]},"_coverageSchema":"1a1c01bbd47fc00a2c39e90264f33305004495a9","hash":"d34436b2eeee60d7a615dddf5ee26db5ef574062"}
,"/home/runner/work/Puppies-and-Kittens-Adoption-Agency/Puppies-and-Kittens-Adoption-Agency/src/components/adopters/AdopterDetails.jsx": {"path":"/home/runner/work/Puppies-and-Kittens-Adoption-Agency/Puppies-and-Kittens-Adoption-Agency/src/components/adopters/AdopterDetails.jsx","statementMap":{"0":{"start":{"line":23,"column":17},"end":{"line":23,"column":28}},"1":{"start":{"line":24,"column":30},"end":{"line":24,"column":58}},"2":{"start":{"line":25,"column":18},"end":{"line":25,"column":30}},"3":{"start":{"line":26,"column":19},"end":{"line":26,"column":50}},"4":{"start":{"line":28,"column":2},"end":{"line":30,"column":21}},"5":{"start":{"line":29,"column":4},"end":{"line":29,"column":77}},"6":{"start":{"line":32,"column":2},"end":{"line":34,"column":3}},"7":{"start":{"line":33,"column":4},"end":{"line":33,"column":23}},"8":{"start":{"line":36,"column":15},"end":{"line":36,"column":35}},"9":{"start":{"line":38,"column":2},"end":{"line":66,"column":4}},"10":{"start":{"line":56,"column":24},"end":{"line":56,"column":63}},"11":{"start":{"line":57,"column":24},"end":{"line":57,"column":69}},"12":{"start":{"line":59,"column":12},"end":{"line":59,"column":79}}},"fnMap":{"0":{"name":"AdopterDetails","decl":{"start":{"line":22,"column":24},"end":{"line":22,"column":38}},"loc":{"start":{"line":22,"column":41},"end":{"line":67,"column":1}},"line":22},"1":{"name":"(anonymous_1)","decl":{"start":{"line":28,"column":12},"end":{"line":28,"column":13}},"loc":{"start":{"line":28,"column":18},"end":{"line":30,"column":3}},"line":28},"2":{"name":"(anonymous_2)","decl":{"start":{"line":56,"column":18},"end":{"line":56,"column":19}},"loc":{"start":{"line":56,"column":24},"end":{"line":56,"column":63}},"line":56},"3":{"name":"(anonymous_3)","decl":{"start":{"line":57,"column":18},"end":{"line":57,"column":19}},"loc":{"start":{"line":57,"column":24},"end":{"line":57,"column":69}},"line":57},"4":{"name":"(anonymous_4)","decl":{"start":{"line":58,"column":20},"end":{"line":58,"column":21}},"loc":{"start":{"line":59,"column":12},"end":{"line":59,"column":79}},"line":59}},"branchMap":{"0":{"loc":{"start":{"line":32,"column":2},"end":{"line":34,"column":3}},"type":"if","locations":[{"start":{"line":32,"column":2},"end":{"line":34,"column":3}},{"start":{},"end":{}}],"line":32},"1":{"loc":{"start":{"line":32,"column":6},"end":{"line":32,"column":44}},"type":"binary-expr","locations":[{"start":{"line":32,"column":6},"end":{"line":32,"column":19}},{"start":{"line":32,"column":23},"end":{"line":32,"column":44}}],"line":32}},"s":{"0":0,"1":0,"2":0,"3":0,"4":0,"5":0,"6":0,"7":0,"8":0,"9":0,"10":0,"11":0,"12":0},"f":{"0":0,"1":0,"2":0,"3":0,"4":0},"b":{"0":[0,0],"1":[0,0]}}
,"/home/runner/work/Puppies-and-Kittens-Adoption-Agency/Puppies-and-Kittens-Adoption-Agency/src/components/adopters/AdopterDetailsLayout.jsx": {"path":"/home/runner/work/Puppies-and-Kittens-Adoption-Agency/Puppies-and-Kittens-Adoption-Agency/src/components/adopters/AdopterDetailsLayout.jsx","statementMap":{"0":{"start":{"line":20,"column":6},"end":{"line":20,"column":13}},"1":{"start":{"line":22,"column":2},"end":{"line":111,"column":4}},"2":{"start":{"line":114,"column":0},"end":{"line":129,"column":2}}},"fnMap":{"0":{"name":"AdopterDetailsLayout","decl":{"start":{"line":6,"column":9},"end":{"line":6,"column":29}},"loc":{"start":{"line":6,"column":43},"end":{"line":112,"column":1}},"line":6}},"branchMap":{"0":{"loc":{"start":{"line":60,"column":15},"end":{"line":60,"column":40}},"type":"cond-expr","locations":[{"start":{"line":60,"column":28},"end":{"line":60,"column":33}},{"start":{"line":60,"column":36},"end":{"line":60,"column":40}}],"line":60},"1":{"loc":{"start":{"line":84,"column":15},"end":{"line":84,"column":48}},"type":"cond-expr","locations":[{"start":{"line":84,"column":36},"end":{"line":84,"column":41}},{"start":{"line":84,"column":44},"end":{"line":84,"column":48}}],"line":84},"2":{"loc":{"start":{"line":92,"column":15},"end":{"line":92,"column":44}},"type":"cond-expr","locations":[{"start":{"line":92,"column":32},"end":{"line":92,"column":37}},{"start":{"line":92,"column":40},"end":{"line":92,"column":44}}],"line":92}},"s":{"0":0,"1":0,"2":0},"f":{"0":0},"b":{"0":[0,0],"1":[0,0],"2":[0,0]}}
,"/home/runner/work/Puppies-and-Kittens-Adoption-Agency/Puppies-and-Kittens-Adoption-Agency/src/components/adopters/Adopters.jsx": {"path":"/home/runner/work/Puppies-and-Kittens-Adoption-Agency/Puppies-and-Kittens-Adoption-Agency/src/components/adopters/Adopters.jsx","statementMap":{"0":{"start":{"line":16,"column":30},"end":{"line":16,"column":58}},"1":{"start":{"line":17,"column":19},"end":{"line":17,"column":50}},"2":{"start":{"line":18,"column":26},"end":{"line":18,"column":37}},"3":{"start":{"line":20,"column":2},"end":{"line":31,"column":17}},"4":{"start":{"line":21,"column":4},"end":{"line":30,"column":9}},"5":{"start":{"line":23,"column":8},"end":{"line":26,"column":9}},"6":{"start":{"line":24,"column":10},"end":{"line":24,"column":40}},"7":{"start":{"line":25,"column":10},"end":{"line":25,"column":71}},"8":{"start":{"line":29,"column":8},"end":{"line":29,"column":66}},"9":{"start":{"line":33,"column":2},"end":{"line":35,"column":3}},"10":{"start":{"line":34,"column":4},"end":{"line":34,"column":23}},"11":{"start":{"line":37,"column":2},"end":{"line":69,"column":4}},"12":{"start":{"line":49,"column":12},"end":{"line":57,"column":14}}},"fnMap":{"0":{"name":"Adopters","decl":{"start":{"line":15,"column":24},"end":{"line":15,"column":32}},"loc":{"start":{"line":15,"column":35},"end":{"line":70,"column":1}},"line":15},"1":{"name":"(anonymous_1)","decl":{"start":{"line":20,"column":12},"end":{"line":20,"column":13}},"loc":{"start":{"line":20,"column":18},"end":{"line":31,"column":3}},"line":20},"2":{"name":"(anonymous_2)","decl":{"start":{"line":22,"column":12},"end":{"line":22,"column":13}},"loc":{"start":{"line":22,"column":22},"end":{"line":27,"column":7}},"line":22},"3":{"name":"(anonymous_3)","decl":{"start":{"line":28,"column":13},"end":{"line":28,"column":14}},"loc":{"start":{"line":28,"column":22},"end":{"line":30,"column":7}},"line":28},"4":{"name":"(anonymous_4)","decl":{"start":{"line":48,"column":64},"end":{"line":48,"column":65}},"loc":{"start":{"line":49,"column":12},"end":{"line":57,"column":14}},"line":49}},"branchMap":{"0":{"loc":{"start":{"line":23,"column":8},"end":{"line":26,"column":9}},"type":"if","locations":[{"start":{"line":23,"column":8},"end":{"line":26,"column":9}},{"start":{},"end":{}}],"line":23},"1":{"loc":{"start":{"line":33,"column":2},"end":{"line":35,"column":3}},"type":"if","locations":[{"start":{"line":33,"column":2},"end":{"line":35,"column":3}},{"start":{},"end":{}}],"line":33}},"s":{"0":0,"1":0,"2":0,"3":0,"4":0,"5":0,"6":0,"7":0,"8":0,"9":0,"10":0,"11":0,"12":0},"f":{"0":0,"1":0,"2":0,"3":0,"4":0},"b":{"0":[0,0],"1":[0,0]}}
,"/home/runner/work/Puppies-and-Kittens-Adoption-Agency/Puppies-and-Kittens-Adoption-Agency/src/components/adopters/CreateAdopterDetails.jsx": {"path":"/home/runner/work/Puppies-and-Kittens-Adoption-Agency/Puppies-and-Kittens-Adoption-Agency/src/components/adopters/CreateAdopterDetails.jsx","statementMap":{"0":{"start":{"line":17,"column":18},"end":{"line":17,"column":30}},"1":{"start":{"line":18,"column":19},"end":{"line":18,"column":50}},"2":{"start":{"line":20,"column":23},"end":{"line":25,"column":3}},"3":{"start":{"line":22,"column":6},"end":{"line":22,"column":77}},"4":{"start":{"line":27,"column":2},"end":{"line":54,"column":4}},"5":{"start":{"line":34,"column":8},"end":{"line":51,"column":14}}},"fnMap":{"0":{"name":"CreateAdopterDetails","decl":{"start":{"line":16,"column":24},"end":{"line":16,"column":44}},"loc":{"start":{"line":16,"column":47},"end":{"line":55,"column":1}},"line":16},"1":{"name":"(anonymous_1)","decl":{"start":{"line":21,"column":4},"end":{"line":21,"column":5}},"loc":{"start":{"line":21,"column":16},"end":{"line":23,"column":5}},"line":21},"2":{"name":"(anonymous_2)","decl":{"start":{"line":33,"column":7},"end":{"line":33,"column":8}},"loc":{"start":{"line":34,"column":8},"end":{"line":51,"column":14}},"line":34}},"branchMap":{},"s":{"0":0,"1":0,"2":0,"3":0,"4":0,"5":0},"f":{"0":0,"1":0,"2":0},"b":{}}
,"/home/runner/work/Puppies-and-Kittens-Adoption-Agency/Puppies-and-Kittens-Adoption-Agency/src/components/adopters/CreateAdopterForm.jsx": {"path":"/home/runner/work/Puppies-and-Kittens-Adoption-Agency/Puppies-and-Kittens-Adoption-Agency/src/components/adopters/CreateAdopterForm.jsx","statementMap":{"0":{"start":{"line":7,"column":2},"end":{"line":14,"column":4}},"1":{"start":{"line":17,"column":0},"end":{"line":21,"column":2}}},"fnMap":{"0":{"name":"CreateAdopterForm","decl":{"start":{"line":6,"column":9},"end":{"line":6,"column":26}},"loc":{"start":{"line":6,"column":58},"end":{"line":15,"column":1}},"line":6}},"branchMap":{},"s":{"0":0,"1":0},"f":{"0":0},"b":{}}
,"/home/runner/work/Puppies-and-Kittens-Adoption-Agency/Puppies-and-Kittens-Adoption-Agency/src/components/adopters/EditAdopterDetails.jsx": {"path":"/home/runner/work/Puppies-and-Kittens-Adoption-Agency/Puppies-and-Kittens-Adoption-Agency/src/components/adopters/EditAdopterDetails.jsx","statementMap":{"0":{"start":{"line":22,"column":17},"end":{"line":22,"column":28}},"1":{"start":{"line":23,"column":18},"end":{"line":23,"column":30}},"2":{"start":{"line":24,"column":19},"end":{"line":24,"column":50}},"3":{"start":{"line":26,"column":28},"end":{"line":26,"column":73}},"4":{"start":{"line":28,"column":2},"end":{"line":30,"column":11}},"5":{"start":{"line":29,"column":4},"end":{"line":29,"column":74}},"6":{"start":{"line":32,"column":23},"end":{"line":37,"column":3}},"7":{"start":{"line":34,"column":6},"end":{"line":34,"column":70}},"8":{"start":{"line":39,"column":2},"end":{"line":68,"column":4}},"9":{"start":{"line":47,"column":8},"end":{"line":65,"column":14}}},"fnMap":{"0":{"name":"EditAdopterDetails","decl":{"start":{"line":21,"column":24},"end":{"line":21,"column":42}},"loc":{"start":{"line":21,"column":45},"end":{"line":69,"column":1}},"line":21},"1":{"name":"(anonymous_1)","decl":{"start":{"line":28,"column":12},"end":{"line":28,"column":13}},"loc":{"start":{"line":28,"column":18},"end":{"line":30,"column":3}},"line":28},"2":{"name":"(anonymous_2)","decl":{"start":{"line":33,"column":4},"end":{"line":33,"column":5}},"loc":{"start":{"line":33,"column":16},"end":{"line":35,"column":5}},"line":33},"3":{"name":"(anonymous_3)","decl":{"start":{"line":46,"column":7},"end":{"line":46,"column":8}},"loc":{"start":{"line":47,"column":8},"end":{"line":65,"column":14}},"line":47}},"branchMap":{},"s":{"0":0,"1":0,"2":0,"3":0,"4":0,"5":0,"6":0,"7":0,"8":0,"9":0},"f":{"0":0,"1":0,"2":0,"3":0},"b":{}}
,"/home/runner/work/Puppies-and-Kittens-Adoption-Agency/Puppies-and-Kittens-Adoption-Agency/src/components/adopters/EditAdopterForm.jsx": {"path":"/home/runner/work/Puppies-and-Kittens-Adoption-Agency/Puppies-and-Kittens-Adoption-Agency/src/components/adopters/EditAdopterForm.jsx","statementMap":{"0":{"start":{"line":7,"column":2},"end":{"line":15,"column":4}},"1":{"start":{"line":18,"column":0},"end":{"line":23,"column":2}}},"fnMap":{"0":{"name":"EditAdopterForm","decl":{"start":{"line":6,"column":9},"end":{"line":6,"column":24}},"loc":{"start":{"line":6,"column":60},"end":{"line":16,"column":1}},"line":6}},"branchMap":{},"s":{"0":0,"1":0},"f":{"0":0},"b":{}}
,"/home/runner/work/Puppies-and-Kittens-Adoption-Agency/Puppies-and-Kittens-Adoption-Agency/src/components/fosters/CreateFosterDetails.jsx": {"path":"/home/runner/work/Puppies-and-Kittens-Adoption-Agency/Puppies-and-Kittens-Adoption-Agency/src/components/fosters/CreateFosterDetails.jsx","statementMap":{"0":{"start":{"line":14,"column":18},"end":{"line":14,"column":30}},"1":{"start":{"line":15,"column":19},"end":{"line":15,"column":49}},"2":{"start":{"line":17,"column":23},"end":{"line":22,"column":3}},"3":{"start":{"line":19,"column":6},"end":{"line":19,"column":75}},"4":{"start":{"line":24,"column":2},"end":{"line":51,"column":4}},"5":{"start":{"line":31,"column":8},"end":{"line":48,"column":14}}},"fnMap":{"0":{"name":"CreateFosterDetails","decl":{"start":{"line":13,"column":24},"end":{"line":13,"column":43}},"loc":{"start":{"line":13,"column":46},"end":{"line":52,"column":1}},"line":13},"1":{"name":"(anonymous_1)","decl":{"start":{"line":18,"column":4},"end":{"line":18,"column":5}},"loc":{"start":{"line":18,"column":16},"end":{"line":20,"column":5}},"line":18},"2":{"name":"(anonymous_2)","decl":{"start":{"line":30,"column":7},"end":{"line":30,"column":8}},"loc":{"start":{"line":31,"column":8},"end":{"line":48,"column":14}},"line":31}},"branchMap":{},"s":{"0":0,"1":0,"2":0,"3":0,"4":0,"5":0},"f":{"0":0,"1":0,"2":0},"b":{}}
,"/home/runner/work/Puppies-and-Kittens-Adoption-Agency/Puppies-and-Kittens-Adoption-Agency/src/components/fosters/CreateFosterForm.jsx": {"path":"/home/runner/work/Puppies-and-Kittens-Adoption-Agency/Puppies-and-Kittens-Adoption-Agency/src/components/fosters/CreateFosterForm.jsx","statementMap":{"0":{"start":{"line":7,"column":2},"end":{"line":14,"column":4}},"1":{"start":{"line":17,"column":0},"end":{"line":21,"column":2}}},"fnMap":{"0":{"name":"CreateFosterForm","decl":{"start":{"line":6,"column":9},"end":{"line":6,"column":25}},"loc":{"start":{"line":6,"column":57},"end":{"line":15,"column":1}},"line":6}},"branchMap":{},"s":{"0":0,"1":0},"f":{"0":0},"b":{}}
,"/home/runner/work/Puppies-and-Kittens-Adoption-Agency/Puppies-and-Kittens-Adoption-Agency/src/components/fosters/EditFosterDetails.jsx": {"path":"/home/runner/work/Puppies-and-Kittens-Adoption-Agency/Puppies-and-Kittens-Adoption-Agency/src/components/fosters/EditFosterDetails.jsx","statementMap":{"0":{"start":{"line":19,"column":17},"end":{"line":19,"column":28}},"1":{"start":{"line":20,"column":18},"end":{"line":20,"column":30}},"2":{"start":{"line":21,"column":19},"end":{"line":21,"column":49}},"3":{"start":{"line":23,"column":28},"end":{"line":23,"column":72}},"4":{"start":{"line":25,"column":2},"end":{"line":27,"column":11}},"5":{"start":{"line":26,"column":4},"end":{"line":26,"column":71}},"6":{"start":{"line":29,"column":23},"end":{"line":34,"column":3}},"7":{"start":{"line":31,"column":6},"end":{"line":31,"column":68}},"8":{"start":{"line":36,"column":2},"end":{"line":65,"column":4}},"9":{"start":{"line":44,"column":8},"end":{"line":62,"column":14}}},"fnMap":{"0":{"name":"EditFosterDetails","decl":{"start":{"line":18,"column":24},"end":{"line":18,"column":41}},"loc":{"start":{"line":18,"column":44},"end":{"line":66,"column":1}},"line":18},"1":{"name":"(anonymous_1)","decl":{"start":{"line":25,"column":12},"end":{"line":25,"column":13}},"loc":{"start":{"line":25,"column":18},"end":{"line":27,"column":3}},"line":25},"2":{"name":"(anonymous_2)","decl":{"start":{"line":30,"column":4},"end":{"line":30,"column":5}},"loc":{"start":{"line":30,"column":16},"end":{"line":32,"column":5}},"line":30},"3":{"name":"(anonymous_3)","decl":{"start":{"line":43,"column":7},"end":{"line":43,"column":8}},"loc":{"start":{"line":44,"column":8},"end":{"line":62,"column":14}},"line":44}},"branchMap":{},"s":{"0":0,"1":0,"2":0,"3":0,"4":0,"5":0,"6":0,"7":0,"8":0,"9":0},"f":{"0":0,"1":0,"2":0,"3":0},"b":{}}
,"/home/runner/work/Puppies-and-Kittens-Adoption-Agency/Puppies-and-Kittens-Adoption-Agency/src/components/fosters/EditFosterForm.jsx": {"path":"/home/runner/work/Puppies-and-Kittens-Adoption-Agency/Puppies-and-Kittens-Adoption-Agency/src/components/fosters/EditFosterForm.jsx","statementMap":{"0":{"start":{"line":7,"column":2},"end":{"line":15,"column":4}},"1":{"start":{"line":18,"column":0},"end":{"line":23,"column":2}}},"fnMap":{"0":{"name":"EditFosterForm","decl":{"start":{"line":6,"column":9},"end":{"line":6,"column":23}},"loc":{"start":{"line":6,"column":59},"end":{"line":16,"column":1}},"line":6}},"branchMap":{},"s":{"0":0,"1":0},"f":{"0":0},"b":{}}
,"/home/runner/work/Puppies-and-Kittens-Adoption-Agency/Puppies-and-Kittens-Adoption-Agency/src/components/fosters/FosterCard.jsx": {"path":"/home/runner/work/Puppies-and-Kittens-Adoption-Agency/Puppies-and-Kittens-Adoption-Agency/src/components/fosters/FosterCard.jsx","statementMap":{"0":{"start":{"line":17,"column":17},"end":{"line":25,"column":3}},"1":{"start":{"line":27,"column":2},"end":{"line":53,"column":4}},"2":{"start":{"line":56,"column":0},"end":{"line":64,"column":2}}},"fnMap":{"0":{"name":"FosterCard","decl":{"start":{"line":8,"column":9},"end":{"line":8,"column":19}},"loc":{"start":{"line":16,"column":3},"end":{"line":54,"column":1}},"line":16}},"branchMap":{"0":{"loc":{"start":{"line":43,"column":28},"end":{"line":43,"column":61}},"type":"cond-expr","locations":[{"start":{"line":43,"column":49},"end":{"line":43,"column":54}},{"start":{"line":43,"column":57},"end":{"line":43,"column":61}}],"line":43}},"s":{"0":9,"1":9,"2":1},"f":{"0":9},"b":{"0":[8,1]},"_coverageSchema":"1a1c01bbd47fc00a2c39e90264f33305004495a9","hash":"3ae915ca2dabffff8e75471aa0589403da0a99c9"}
,"/home/runner/work/Puppies-and-Kittens-Adoption-Agency/Puppies-and-Kittens-Adoption-Agency/src/components/fosters/FosterDetails.jsx": {"path":"/home/runner/work/Puppies-and-Kittens-Adoption-Agency/Puppies-and-Kittens-Adoption-Agency/src/components/fosters/FosterDetails.jsx","statementMap":{"0":{"start":{"line":20,"column":17},"end":{"line":20,"column":28}},"1":{"start":{"line":21,"column":30},"end":{"line":21,"column":58}},"2":{"start":{"line":22,"column":18},"end":{"line":22,"column":30}},"3":{"start":{"line":23,"column":19},"end":{"line":23,"column":49}},"4":{"start":{"line":25,"column":2},"end":{"line":27,"column":21}},"5":{"start":{"line":26,"column":4},"end":{"line":26,"column":74}},"6":{"start":{"line":29,"column":2},"end":{"line":31,"column":3}},"7":{"start":{"line":30,"column":4},"end":{"line":30,"column":23}},"8":{"start":{"line":33,"column":15},"end":{"line":33,"column":34}},"9":{"start":{"line":35,"column":2},"end":{"line":63,"column":4}},"10":{"start":{"line":53,"column":24},"end":{"line":53,"column":62}},"11":{"start":{"line":54,"column":24},"end":{"line":54,"column":68}},"12":{"start":{"line":56,"column":12},"end":{"line":56,"column":77}}},"fnMap":{"0":{"name":"FosterDetails","decl":{"start":{"line":19,"column":24},"end":{"line":19,"column":37}},"loc":{"start":{"line":19,"column":40},"end":{"line":64,"column":1}},"line":19},"1":{"name":"(anonymous_1)","decl":{"start":{"line":25,"column":12},"end":{"line":25,"column":13}},"loc":{"start":{"line":25,"column":18},"end":{"line":27,"column":3}},"line":25},"2":{"name":"(anonymous_2)","decl":{"start":{"line":53,"column":18},"end":{"line":53,"column":19}},"loc":{"start":{"line":53,"column":24},"end":{"line":53,"column":62}},"line":53},"3":{"name":"(anonymous_3)","decl":{"start":{"line":54,"column":18},"end":{"line":54,"column":19}},"loc":{"start":{"line":54,"column":24},"end":{"line":54,"column":68}},"line":54},"4":{"name":"(anonymous_4)","decl":{"start":{"line":55,"column":20},"end":{"line":55,"column":21}},"loc":{"start":{"line":56,"column":12},"end":{"line":56,"column":77}},"line":56}},"branchMap":{"0":{"loc":{"start":{"line":29,"column":2},"end":{"line":31,"column":3}},"type":"if","locations":[{"start":{"line":29,"column":2},"end":{"line":31,"column":3}},{"start":{},"end":{}}],"line":29},"1":{"loc":{"
[...]
,"/home/runner/work/Puppies-and-Kittens-Adoption-Agency/Puppies-and-Kittens-Adoption-Agency/src/server/routes/admins.js": {"path":"/home/runner/work/Puppies-and-Kittens-Adoption-Agency/Puppies-and-Kittens-Adoption-Agency/src/server/routes/admins.js","statementMap":{"0":{"start":{"line":1,"column":16},"end":{"line":1,"column":34}},"1":{"start":{"line":3,"column":15},"end":{"line":3,"column":31}},"2":{"start":{"line":4,"column":26},"end":{"line":4,"column":76}},"3":{"start":{"line":5,"column":24},"end":{"line":5,"column":44}},"4":{"start":{"line":41,"column":0},"end":{"line":41,"column":57}},"5":{"start":{"line":69,"column":0},"end":{"line":69,"column":61}},"6":{"start":{"line":153,"column":0},"end":{"line":157,"column":40}},"7":{"start":{"line":159,"column":0},"end":{"line":159,"column":24}}},"fnMap":{},"branchMap":{},"s":{"0":0,"1":0,"2":0,"3":0,"4":0,"5":0,"6":0,"7":0},"f":{},"b":{}}
,"/home/runner/work/Puppies-and-Kittens-Adoption-Agency/Puppies-and-Kittens-Adoption-Agency/src/server/routes/adopters.js": {"path":"/home/runner/work/Puppies-and-Kittens-Adoption-Agency/Puppies-and-Kittens-Adoption-Agency/src/server/routes/adopters.js","statementMap":{"0":{"start":{"line":1,"column":16},"end":{"line":1,"column":34}},"1":{"start":{"line":3,"column":15},"end":{"line":3,"column":31}},"2":{"start":{"line":4,"column":28},"end":{"line":4,"column":78}},"3":{"start":{"line":5,"column":24},"end":{"line":5,"column":44}},"4":{"start":{"line":41,"column":0},"end":{"line":41,"column":59}},"5":{"start":{"line":69,"column":0},"end":{"line":69,"column":63}},"6":{"start":{"line":153,"column":0},"end":{"line":157,"column":42}},"7":{"start":{"line":159,"column":0},"end":{"line":159,"column":24}}},"fnMap":{},"branchMap":{},"s":{"0":0,"1":0,"2":0,"3":0,"4":0,"5":0,"6":0,"7":0},"f":{},"b":{}}
,"/home/runner/work/Puppies-and-Kittens-Adoption-Agency/Puppies-and-Kittens-Adoption-Agency/src/server/routes/authentication.js": {"path":"/home/runner/work/Puppies-and-Kittens-Adoption-Agency/Puppies-and-Kittens-Adoption-Agency/src/server/routes/authentication.js","statementMap":{"0":{"start":{"line":1,"column":16},"end":{"line":1,"column":34}},"1":{"start":{"line":3,"column":15},"end":{"line":3,"column":31}},"2":{"start":{"line":4,"column":33},"end":{"line":4,"column":83}},"3":{"start":{"line":5,"column":24},"end":{"line":5,"column":44}},"4":{"start":{"line":6,"column":42},"end":{"line":6,"column":76}},"5":{"start":{"line":57,"column":0},"end":{"line":57,"column":59}},"6":{"start":{"line":78,"column":0},"end":{"line":78,"column":73}},"7":{"start":{"line":80,"column":0},"end":{"line":80,"column":24}}},"fnMap":{},"branchMap":{},"s":{"0":0,"1":0,"2":0,"3":0,"4":0,"5":0,"6":0,"7":0},"f":{},"b":{}}
,"/home/runner/work/Puppies-and-Kittens-Adoption-Agency/Puppies-and-Kittens-Adoption-Agency/src/server/routes/favorites.js": {"path":"/home/runner/work/Puppies-and-Kittens-Adoption-Agency/Puppies-and-Kittens-Adoption-Agency/src/server/routes/favorites.js","statementMap":{"0":{"start":{"line":1,"column":16},"end":{"line":1,"column":34}},"1":{"start":{"line":3,"column":15},"end":{"line":3,"column":31}},"2":{"start":{"line":4,"column":28},"end":{"line":4,"column":73}},"3":{"start":{"line":5,"column":24},"end":{"line":5,"column":44}},"4":{"start":{"line":7,"column":0},"end":{"line":7,"column":69}},"5":{"start":{"line":8,"column":0},"end":{"line":11,"column":59}},"6":{"start":{"line":13,"column":0},"end":{"line":13,"column":24}}},"fnMap":{},"branchMap":{},"s":{"0":0,"1":0,"2":0,"3":0,"4":0,"5":0,"6":0},"f":{},"b":{}}
,"/home/runner/work/Puppies-and-Kittens-Adoption-Agency/Puppies-and-Kittens-Adoption-Agency/src/server/routes/fosters.js": {"path":"/home/runner/work/Puppies-and-Kittens-Adoption-Agency/Puppies-and-Kittens-Adoption-Agency/src/server/routes/fosters.js","statementMap":{"0":{"start":{"line":1,"column":16},"end":{"line":1,"column":34}},"1":{"start":{"line":3,"column":15},"end":{"line":3,"column":31}},"2":{"start":{"line":4,"column":27},"end":{"line":4,"column":77}},"3":{"start":{"line":5,"column":24},"end":{"line":5,"column":44}},"4":{"start":{"line":41,"column":0},"end":{"line":41,"column":58}},"5":{"start":{"line":69,"column":0},"end":{"line":69,"column":62}},"6":{"start":{"line":153,"column":0},"end":{"line":157,"column":41}},"7":{"start":{"line":159,"column":0},"end":{"line":159,"column":24}}},"fnMap":{},"branchMap":{},"s":{"0":0,"1":0,"2":0,"3":0,"4":0,"5":0,"6":0,"7":0},"f":{},"b":{}}
,"/home/runner/work/Puppies-and-Kittens-Adoption-Agency/Puppies-and-Kittens-Adoption-Agency/src/server/routes/rescues.js": {"path":"/home/runner/work/Puppies-and-Kittens-Adoption-Agency/Puppies-and-Kittens-Adoption-Agency/src/server/routes/rescues.js","statementMap":{"0":{"start":{"line":1,"column":16},"end":{"line":1,"column":34}},"1":{"start":{"line":3,"column":15},"end":{"line":3,"column":31}},"2":{"start":{"line":4,"column":27},"end":{"line":4,"column":77}},"3":{"start":{"line":5,"column":24},"end":{"line":5,"column":44}},"4":{"start":{"line":41,"column":0},"end":{"line":41,"column":58}},"5":{"start":{"line":69,"column":0},"end":{"line":69,"column":62}},"6":{"start":{"line":153,"column":0},"end":{"line":157,"column":41}},"7":{"start":{"line":159,"column":0},"end":{"line":159,"column":24}}},"fnMap":{},"branchMap":{},"s":{"0":0,"1":0,"2":0,"3":0,"4":0,"5":0,"6":0,"7":0},"f":{},"b":{}}
,"/home/runner/work/Puppies-and-Kittens-Adoption-Agency/Puppies-and-Kittens-Adoption-Agency/src/server/routes/veterinarians.js": {"path":"/home/runner/work/Puppies-and-Kittens-Adoption-Agency/Puppies-and-Kittens-Adoption-Agency/src/server/routes/veterinarians.js","statementMap":{"0":{"start":{"line":1,"column":16},"end":{"line":1,"column":34}},"1":{"start":{"line":3,"column":15},"end":{"line":3,"column":31}},"2":{"start":{"line":6,"column":4},"end":{"line":6,"column":54}},"3":{"start":{"line":7,"column":24},"end":{"line":7,"column":44}},"4":{"start":{"line":43,"column":0},"end":{"line":43,"column":64}},"5":{"start":{"line":71,"column":0},"end":{"line":71,"column":68}},"6":{"start":{"line":155,"column":0},"end":{"line":159,"column":47}},"7":{"start":{"line":161,"column":0},"end":{"line":161,"column":24}}},"fnMap":{},"branchMap":{},"s":{"0":0,"1":0,"2":0,"3":0,"4":0,"5":0,"6":0,"7":0},"f":{},"b":{}}
,"/home/runner/work/Puppies-and-Kittens-Adoption-Agency/Puppies-and-Kittens-Adoption-Agency/src/utils/baseEnvironmentUrls.js": {"path":"/home/runner/work/Puppies-and-Kittens-Adoption-Agency/Puppies-and-Kittens-Adoption-Agency/src/utils/baseEnvironmentUrls.js","statementMap":{"0":{"start":{"line":1,"column":0},"end":{"line":10,"column":2}}},"fnMap":{},"branchMap":{},"s":{"0":10},"f":{},"b":{},"_coverageSchema":"1a1c01bbd47fc00a2c39e90264f33305004495a9","hash":"d77c38ceba1bdf2b87ef23c48ec7f8ea2397253d"}
,"/home/runner/work/Puppies-and-Kittens-Adoption-Agency/Puppies-and-Kittens-Adoption-Agency/src/utils/componentUtils.js": {"path":"/home/runner/work/Puppies-and-Kittens-Adoption-Agency/Puppies-and-Kittens-Adoption-Agency/src/utils/componentUtils.js","statementMap":{"0":{"start":{"line":8,"column":28},"end":{"line":18,"column":1}},"1":{"start":{"line":9,"column":2},"end":{"line":17,"column":3}},"2":{"start":{"line":10,"column":17},"end":{"line":10,"column":47}},"3":{"start":{"line":11,"column":4},"end":{"line":14,"column":7}},"4":{"start":{"line":16,"column":4},"end":{"line":16,"column":61}},"5":{"start":{"line":20,"column":29},"end":{"line":28,"column":1}},"6":{"start":{"line":21,"column":2},"end":{"line":27,"column":3}},"7":{"start":{"line":22,"column":4},"end":{"line":24,"column":5}},"8":{"start":{"line":23,"column":6},"end":{"line":23,"column":29}},"9":{"start":{"line":26,"column":4},"end":{"line":26,"column":53}},"10":{"start":{"line":30,"column":29},"end":{"line":39,"column":1}},"11":{"start":{"line":31,"column":2},"end":{"line":38,"column":3}},"12":{"start":{"line":32,"column":4},"end":{"line":35,"column":5}},"13":{"start":{"line":33,"column":6},"end":{"line":33,"column":40}},"14":{"start":{"line":34,"column":6},"end":{"line":34,"column":25}},"15":{"start":{"line":37,"column":4},"end":{"line":37,"column":51}},"16":{"start":{"line":41,"column":27},"end":{"line":49,"column":1}},"17":{"start":{"line":42,"column":2},"end":{"line":48,"column":3}},"18":{"start":{"line":43,"column":4},"end":{"line":45,"column":5}},"19":{"start":{"line":44,"column":6},"end":{"line":44,"column":40}},"20":{"start":{"line":47,"column":4},"end":{"line":47,"column":50}},"21":{"start":{"line":51,"column":28},"end":{"line":53,"column":1}},"22":{"start":{"line":52,"column":2},"end":{"line":52,"column":21}},"23":{"start":{"line":55,"column":30},"end":{"line":57,"column":1}},"24":{"start":{"line":56,"column":2},"end":{"line":56,"column":37}},"25":{"start":{"line":60,"column":2},"end":{"line":60,"column":48}},"26":{"start":{"line":63,"column":27},"end":{"line":64,"column":46}},"27":{"start":{"line":64,"column":2},"end":{"line":64,"column":46}},"28":{"start":{"line":64,"column":26},"end":{"line":64,"column":45}}},"fnMap":{"0":{"name":"(anonymous_0)","decl":{"start":{"line":8,"column":28},"end":{"line":8,"column":29}},"loc":{"start":{"line":8,"column":72},"end":{"line":18,"column":1}},"line":8},"1":{"name":"(anonymous_1)","decl":{"start":{"line":20,"column":29},"end":{"line":20,"column":30}},"loc":{"start":{"line":20,"column":71},"end":{"line":28,"column":1}},"line":20},"2":{"name":"(anonymous_2)","decl":{"start":{"line":30,"column":29},"end":{"line":30,"column":30}},"loc":{"start":{"line":30,"column":73},"end":{"line":39,"column":1}},"line":30},"3":{"name":"(anonymous_3)","decl":{"start":{"line":41,"column":27},"end":{"line":41,"column":28}},"loc":{"start":{"line":41,"column":73},"end":{"line":49,"column":1}},"line":41},"4":{"name":"(anonymous_4)","decl":{"start":{"line":51,"column":28},"end":{"line":51,"column":29}},"loc":{"start":{"line":51,"column":47},"end":{"line":53,"column":1}},"line":51},"5":{"name":"(anonymous_5)","decl":{"start":{"line":55,"column":30},"end":{"line":55,"column":31}},"loc":{"start":{"line":55,"column":53},"end":{"line":57,"column":1}},"line":55},"6":{"name":"getImageUrl","decl":{"start":{"line":59,"column":16},"end":{"line":59,"column":27}},"loc":{"start":{"line":59,"column":48},"end":{"line":61,"column":1}},"line":59},"7":{"name":"(anonymous_7)","decl":{"start":{"line":63,"column":27},"end":{"line":63,"column":28}},"loc":{"start":{"line":64,"column":2},"end":{"line":64,"column":46}},"line":64},"8":{"name":"(anonymous_8)","decl":{"start":{"line":64,"column":17},"end":{"line":64,"column":18}},"loc":{"start":{"line":64,"column":26},"end":{"line":64,"column":45}},"line":64}},"branchMap":{"0":{"loc":{"start":{"line":22,"column":4},"end":{"line":24,"column":5}},"type":"if","locations":[{"start":{"line":22,"column":4},"end":{"line":24,"column":5}},{"start":{},"end":{}}],"line":22},"1":{"loc":{"start":{"line":32,"column":4},"end":{"line":35,"column":5}},"type":"if","locations":[{"start":{"line":32,"column":4},"end":{"line":35,"column":5}},{"start":{},"end":{}}],"line":32},"2":{"loc":{"start":{"line":43,"column":4},"end":{"line":45,"column":5}},"type":"if","locations":[{"start":{"line":43,"column":4},"end":{"line":45,"column":5}},{"start":{},"end":{}}],"line":43}},"s":{"0":7,"1":0,"2":0,"3":0,"4":0,"5":7,"6":0,"7":0,"8":0,"9":0,"10":7,"11":0,"12":0,"13":0,"14":0,"15":0,"16":7,"17":0,"18":0,"19":0,"20":0,"21":7,"22":0,"23":7,"24":0,"25":1304,"26":7,"27":6,"28":36},"f":{"0":0,"1":0,"2":0,"3":0,"4":0,"5":0,"6":1304,"7":6,"8":36},"b":{"0":[0,0],"1":[0,0],"2":[0,0]},"_coverageSchema":"1a1c01bbd47fc00a2c39e90264f33305004495a9","hash":"a18938ca3a857fa26ac56ee7304eadab4d6231e5"}
,"/home/runner/work/Puppies-and-Kittens-Adoption-Agency/Puppies-and-Kittens-Adoption-Agency/src/utils/formFields.js": {"path":"/home/runner/work/Puppies-and-Kittens-Adoption-Agency/Puppies-and-Kittens-Adoption-Agency/src/utils/formFields.js","statementMap":{"0":{"start":{"line":28,"column":4},"end":{"line":28,"column":49}},"1":{"start":{"line":31,"column":25},"end":{"line":84,"column":1}},"2":{"start":{"line":87,"column":26},"end":{"line":105,"column":1}},"3":{"start":{"line":108,"column":29},"end":{"line":136,"column":1}},"4":{"start":{"line":139,"column":29},"end":{"line":152,"column":1}},"5":{"start":{"line":155,"column":30},"end":{"line":168,"column":1}},"6":{"start":{"line":171,"column":30},"end":{"line":178,"column":1}},"7":{"start":{"line":181,"column":24},"end":{"line":181,"column":74}},"8":{"start":{"line":182,"column":26},"end":{"line":182,"column":77}},"9":{"start":{"line":183,"column":25},"end":{"line":187,"column":1}},"10":{"start":{"line":188,"column":31},"end":{"line":192,"column":1}}},"fnMap":{},"branchMap":{},"s":{"0":1,"1":1,"2":1,"3":1,"4":1,"5":1,"6":1,"7":1,"8":1,"9":1,"10":1},"f":{},"b":{},"_coverageSchema":"1a1c01bbd47fc00a2c39e90264f33305004495a9","hash":"40ae00a5bfa593dbd5ca705faa2d6cc86e55b3f8"}
,"/home/runner/work/Puppies-and-Kittens-Adoption-Agency/Puppies-and-Kittens-Adoption-Agency/src/utils/formInitialValues.js": {"path":"/home/runner/work/Puppies-and-Kittens-Adoption-Agency/Puppies-and-Kittens-Adoption-Agency/src/utils/formInitialValues.js","statementMap":{"0":{"start":{"line":1,"column":28},"end":{"line":13,"column":1}},"1":{"start":{"line":15,"column":32},"end":{"line":24,"column":1}},"2":{"start":{"line":26,"column":32},"end":{"line":29,"column":1}},"3":{"start":{"line":31,"column":40},"end":{"line":33,"column":1}},"4":{"start":{"line":35,"column":34},"end":{"line":38,"column":1}},"5":{"start":{"line":40,"column":27},"end":{"line":43,"column":1}},"6":{"start":{"line":44,"column":29},"end":{"line":47,"column":1}},"7":{"start":{"line":48,"column":28},"end":{"line":52,"column":1}},"8":{"start":{"line":53,"column":34},"end":{"line":57,"column":1}}},"fnMap":{},"branchMap":{},"s":{"0":1,"1":1,"2":1,"3":1,"4":1,"5":1,"6":1,"7":1,"8":1},"f":{},"b":{},"_coverageSchema":"1a1c01bbd47fc00a2c39e90264f33305004495a9","hash":"7afcfc6e58b260d1911118dfffb5e20cb4a9617d"}
,"/home/runner/work/Puppies-and-Kittens-Adoption-Agency/Puppies-and-Kittens-Adoption-Agency/src/utils/utils.js": {"path":"/home/runner/work/Puppies-and-Kittens-Adoption-Agency/Puppies-and-Kittens-Adoption-Agency/src/utils/utils.js","statementMap":{"0":{"start":{"line":1,"column":18},"end":{"line":1,"column":39}},"1":{"start":{"line":3,"column":33},"end":{"line":9,"column":1}},"2":{"start":{"line":4,"column":2},"end":{"line":4,"column":23}},"3":{"start":{"line":5,"column":2},"end":{"line":8,"column":3}},"4":{"start":{"line":6,"column":4},"end":{"line":6,"column":62}},"5":{"start":{"line":7,"column":4},"end":{"line":7,"column":41}},"6":{"start":{"line":19,"column":31},"end":{"line":24,"column":1}},"7":{"start":{"line":20,"column":15},"end":{"line":20,"column":62}},"8":{"start":{"line":21,"column":2},"end":{"line":23,"column":30}}},"fnMap":{"0":{"name":"(anonymous_0)","decl":{"start":{"line":3,"column":33},"end":{"line":3,"column":34}},"loc":{"start":{"line":3,"column":44},"end":{"line":9,"column":1}},"line":3},"1":{"name":"(anonymous_1)","decl":{"start":{"line":19,"column":31},"end":{"line":19,"column":32}},"loc":{"start":{"line":19,"column":48},"end":{"line":24,"column":1}},"line":19}},"branchMap":{"0":{"loc":{"start":{"line":5,"column":2},"end":{"line":8,"column":3}},"type":"if","locations":[{"start":{"line":5,"column":2},"end":{"line":8,"column":3}},{"start":{},"end":{}}],"line":5},"1":{"loc":{"start":{"line":20,"column":15},"end":{"line":20,"column":62}},"type":"binary-expr","locations":[{"start":{"line":20,"column":15},"end":{"line":20,"column":56}},{"start":{"line":20,"column":60},"end":{"line":20,"column":62}}],"line":20},"2":{"loc":{"start":{"line":21,"column":9},"end":{"line":23,"column":29}},"type":"cond-expr","locations":[{"start":{"line":22,"column":6},"end":{"line":22,"column":58}},{"start":{"line":23,"column":6},"end":{"line":23,"column":29}}],"line":21}},"s":{"0":8,"1":8,"2":0,"3":0,"4":0,"5":0,"6":8,"7":6,"8":6},"f":{"0":0,"1":6},"b":{"0":[0,0],"1":[6,0],"2":[0,6]},"_coverageSchema":"1a1c01bbd47fc00a2c39e90264f33305004495a9","hash":"e942f838ea14cc812c2b5337d74a410c0af81e62"}
,"/home/runner/work/Puppies-and-Kittens-Adoption-Agency/Puppies-and-Kittens-Adoption-Agency/src/validations/loginValidationSchema.js": {"path":"/home/runner/work/Puppies-and-Kittens-Adoption-Agency/Puppies-and-Kittens-Adoption-Agency/src/validations/loginValidationSchema.js","statementMap":{"0":{"start":{"line":4,"column":30},"end":{"line":8,"column":2}}},"fnMap":{},"branchMap":{},"s":{"0":1},"f":{},"b":{},"_coverageSchema":"1a1c01bbd47fc00a2c39e90264f33305004495a9","hash":"76b1bb0ae5488a86446f8c879adddfe4d2c9b1f7"}
,"/home/runner/work/Puppies-and-Kittens-Adoption-Agency/Puppies-and-Kittens-Adoption-Agency/src/validations/rescuesValidationSchema.js": {"path":"/home/runner/work/Puppies-and-Kittens-Adoption-Agency/Puppies-and-Kittens-Adoption-Agency/src/validations/rescuesValidationSchema.js","statementMap":{"0":{"start":{"line":4,"column":32},"end":{"line":16,"column":2}}},"fnMap":{},"branchMap":{},"s":{"0":0},"f":{},"b":{}}
,"/home/runner/work/Puppies-and-Kittens-Adoption-Agency/Puppies-and-Kittens-Adoption-Agency/src/validations/usersValidationSchema.js": {"path":"/home/runner/work/Puppies-and-Kittens-Adoption-Agency/Puppies-and-Kittens-Adoption-Agency/src/validations/usersValidationSchema.js","statementMap":{"0":{"start":{"line":4,"column":36},"end":{"line":13,"column":2}},"1":{"start":{"line":15,"column":35},"end":{"line":18,"column":2}},"2":{"start":{"line":20,"column":43},"end":{"line":22,"column":2}},"3":{"start":{"line":24,"column":37},"end":{"line":27,"column":2}},"4":{"start":{"line":29,"column":31},"end":{"line":32,"column":2}},"5":{"start":{"line":34,"column":33},"end":{"line":37,"column":2}},"6":{"start":{"line":39,"column":32},"end":{"line":43,"column":2}},"7":{"start":{"line":45,"column":38},"end":{"line":49,"column":2}}},"fnMap":{},"branchMap":{},"s":{"0":1,"1":1,"2":1,"3":1,"4":1,"5":1,"6":1,"7":1},"f":{},"b":{},"_coverageSchema":"1a1c01bbd47fc00a2c39e90264f33305004495a9","hash":"1c020aa0e5d5b5967ee9a8432cabd4bb0b38183d"}
,"/home/runner/work/Puppies-and-Kittens-Adoption-Agency/Puppies-and-Kittens-Adoption-Agency/src/validations/yupValidationSchema.js": {"path":"/home/runner/work/Puppies-and-Kittens-Adoption-Agency/Puppies-and-Kittens-Adoption-Agency/src/validations/yupValidationSchema.js","statementMap":{"0":{"start":{"line":39,"column":28},"end":{"line":82,"column":2}}},"fnMap":{},"branchMap":{},"s":{"0":2},"f":{},"b":{},"_coverageSchema":"1a1c01bbd47fc00a2c39e90264f33305004495a9","hash":"96accdb335055e5f7989233b63865343fd0c206c"}
}
