TN:
SF:src/App.jsx
FN:51,App
FNF:1
FNH:0
FNDA:0,App
DA:52,0
LF:1
LH:0
BRF:0
BRH:0
end_of_record
TN:
SF:src/index.jsx
FNF:0
FNH:0
DA:7,0
DA:17,0
LF:2
LH:0
BRF:0
BRH:0
end_of_record
TN:
SF:src/serviceWorker.js
FN:24,registerValidSW
FN:27,(anonymous_1)
FN:28,(anonymous_2)
FN:33,(anonymous_3)
FN:63,(anonymous_4)
FN:68,checkValidServiceWorker
FN:73,(anonymous_6)
FN:81,(anonymous_7)
FN:82,(anonymous_8)
FN:91,(anonymous_9)
FN:96,register
FN:107,(anonymous_11)
FN:116,(anonymous_12)
FN:130,unregister
FN:133,(anonymous_14)
FN:136,(anonymous_15)
FNF:16
FNH:0
FNDA:0,registerValidSW
FNDA:0,(anonymous_1)
FNDA:0,(anonymous_2)
FNDA:0,(anonymous_3)
FNDA:0,(anonymous_4)
FNDA:0,checkValidServiceWorker
FNDA:0,(anonymous_6)
FNDA:0,(anonymous_7)
FNDA:0,(anonymous_8)
FNDA:0,(anonymous_9)
FNDA:0,register
FNDA:0,(anonymous_11)
FNDA:0,(anonymous_12)
FNDA:0,unregister
FNDA:0,(anonymous_14)
FNDA:0,(anonymous_15)
DA:1,0
DA:14,0
DA:25,0
DA:28,0
DA:29,0
DA:30,0
DA:31,0
DA:33,0
DA:34,0
DA:35,0
DA:39,0
DA:45,0
DA:46,0
DA:52,0
DA:55,0
DA:56,0
DA:64,0
DA:70,0
DA:75,0
DA:76,0
DA:81,0
DA:82,0
DA:83,0
DA:88,0
DA:92,0
DA:97,0
DA:99,0
DA:100,0
DA:104,0
DA:107,0
DA:108,0
DA:110,0
DA:112,0
DA:116,0
DA:117,0
DA:124,0
DA:131,0
DA:132,0
DA:134,0
DA:137,0
LF:40
LH:0
BRDA:15,0,0,0
BRDA:15,0,1,0
BRDA:15,0,2,0
BRDA:30,1,0,0
BRDA:30,1,1,0
BRDA:34,2,0,0
BRDA:34,2,1,0
BRDA:35,3,0,0
BRDA:35,3,1,0
BRDA:45,4,0,0
BRDA:45,4,1,0
BRDA:45,5,0,0
BRDA:45,5,1,0
BRDA:55,6,0,0
BRDA:55,6,1,0
BRDA:55,7,0,0
BRDA:55,7,1,0
BRDA:76,8,0,0
BRDA:76,8,1,0
BRDA:77,9,0,0
BRDA:77,9,1,0
BRDA:77,9,2,0
BRDA:97,10,0,0
BRDA:97,10,1,0
BRDA:97,11,0,0
BRDA:97,11,1,0
BRDA:100,12,0,0
BRDA:100,12,1,0
BRDA:110,13,0,0
BRDA:110,13,1,0
BRDA:131,14,0,0
BRDA:131,14,1,0
BRF:32
BRH:0
end_of_record
TN:
SF:src/__jest__/components/login/loginHelpers.jsx
FN:22,(anonymous_0)
FN:44,(anonymous_1)
FN:58,(anonymous_2)
FN:64,(anonymous_3)
FN:65,(anonymous_4)
FN:80,(anonymous_5)
FN:86,(anonymous_6)
FN:87,(anonymous_7)
FN:99,(anonymous_8)
FN:100,(anonymous_9)
FN:101,(anonymous_10)
FN:115,(anonymous_11)
FNF:12
FNH:12
FNDA:17,(anonymous_0)
FNDA:16,(anonymous_1)
FNDA:1,(anonymous_2)
FNDA:1,(anonymous_3)
FNDA:3,(anonymous_4)
FNDA:2,(anonymous_5)
FNDA:2,(anonymous_6)
FNDA:2,(anonymous_7)
FNDA:13,(anonymous_8)
FNDA:13,(anonymous_9)
FNDA:13,(anonymous_10)
FNDA:15,(anonymous_11)
DA:22,1
DA:23,17
DA:25,17
DA:26,17
DA:28,17
DA:34,17
DA:44,1
DA:45,16
DA:46,16
DA:47,16
DA:58,1
DA:64,1
DA:65,1
DA:66,3
DA:67,1
DA:80,1
DA:86,2
DA:87,2
DA:88,2
DA:89,2
DA:99,1
DA:100,13
DA:101,13
DA:102,13
DA:103,13
DA:115,1
DA:116,15
DA:117,15
DA:118,15
DA:119,15
DA:120,15
DA:123,15
DA:124,6
DA:125,6
DA:126,6
LF:35
LH:35
BRDA:115,0,0,9
BRDA:117,1,0,15
BRDA:117,1,1,0
BRDA:123,2,0,6
BRDA:123,2,1,9
BRF:5
BRH:4
end_of_record
TN:
SF:src/__utils__/convertNextGenImages.js
FN:6,convertImage
FN:9,(anonymous_1)
FN:18,convertAllImagesInDirectory
FN:19,(anonymous_3)
FN:24,(anonymous_4)
FN:32,(anonymous_5)
FN:40,(anonymous_6)
FNF:7
FNH:0
FNDA:0,convertImage
FNDA:0,(anonymous_1)
FNDA:0,convertAllImagesInDirectory
FNDA:0,(anonymous_3)
FNDA:0,(anonymous_4)
FNDA:0,(anonymous_5)
FNDA:0,(anonymous_6)
DA:1,0
DA:2,0
DA:3,0
DA:4,0
DA:7,0
DA:10,0
DA:11,0
DA:13,0
DA:19,0
DA:20,0
DA:21,0
DA:24,0
DA:25,0
DA:29,0
DA:33,0
DA:34,0
DA:38,0
DA:41,0
DA:42,0
DA:50,0
DA:52,0
LF:21
LH:0
BRDA:6,0,0,0
BRDA:10,1,0,0
BRDA:10,1,1,0
BRDA:20,2,0,0
BRDA:20,2,1,0
BRDA:41,3,0,0
BRDA:41,3,1,0
BRF:7
BRH:0
end_of_record
TN:
SF:src/accessibility/accessibilityText.js
FNF:0
FNH:0
DA:1,8
DA:2,8
DA:3,8
DA:5,8
DA:6,8
DA:8,8
DA:10,8
DA:11,8
DA:12,8
DA:13,8
DA:14,8
DA:15,8
DA:16,8
DA:17,8
DA:18,8
DA:19,8
DA:20,8
DA:21,8
DA:22,8
DA:23,8
DA:24,8
DA:25,8
DA:26,8
DA:27,8
DA:28,8
DA:29,8
DA:30,8
DA:31,8
DA:32,8
DA:33,8
DA:34,8
DA:35,8
DA:36,8
DA:37,8
DA:38,8
DA:39,8
DA:40,8
DA:41,8
DA:42,8
DA:43,8
DA:44,8
DA:45,8
DA:46,8
DA:47,8
DA:48,8
DA:49,8
DA:50,8
DA:51,8
DA:52,8
DA:53,8
DA:54,8
DA:55,8
DA:56,8
DA:57,8
DA:58,8
DA:59,8
DA:60,8
DA:61,8
DA:62,8
DA:63,8
DA:64,8
DA:65,8
DA:66,8
DA:67,8
DA:68,8
DA:69,8
DA:70,8
DA:71,8
DA:72,8
DA:73,8
DA:74,8
DA:75,8
DA:76,8
DA:77,8
DA:78,8
DA:79,8
DA:80,8
DA:81,8
DA:82,8
DA:83,8
DA:84,8
DA:86,8
LF:82
LH:82
BRF:0
BRH:0
end_of_record
TN:
SF:src/components/AddOrEditForm.jsx
FN:16,AddOrEditForm
FN:29,(anonymous_1)
FN:50,(anonymous_2)
FNF:3
FNH:3
FNDA:5,AddOrEditForm
FNDA:10,(anonymous_1)
FNDA:10,(anonymous_2)
DA:17,5
DA:19,5
DA:30,10
DA:51,10
DA:91,1
DA:107,1
LF:6
LH:6
BRDA:30,0,0,5
BRDA:30,0,1,5
BRDA:40,1,0,5
BRDA:40,1,1,1
BRDA:56,2,0,5
BRDA:56,2,1,1
BRDA:56,2,2,1
BRF:7
BRH:7
end_of_record
TN:
SF:src/components/ConfirmationDialog.jsx
FN:13,ConfirmationDialog
FNF:1
FNH:0
FNDA:0,ConfirmationDialog
DA:14,0
DA:44,0
LF:2
LH:0
BRF:0
BRH:0
end_of_record
TN:
SF:src/components/DetailsButtons.jsx
FN:12,DetailsButtons
FN:37,(anonymous_1)
FN:47,(anonymous_2)
FN:53,(anonymous_3)
FN:54,(anonymous_4)
FNF:5
FNH:0
FNDA:0,DetailsButtons
FNDA:0,(anonymous_1)
FNDA:0,(anonymous_2)
FNDA:0,(anonymous_3)
FNDA:0,(anonymous_4)
DA:20,0
DA:22,0
DA:37,0
DA:47,0
DA:53,0
DA:54,0
DA:61,0
LF:7
LH:0
BRF:0
BRH:0
end_of_record
TN:
SF:src/components/DisplayImage.jsx
FN:6,(anonymous_0)
FN:17,DisplayImage
FN:18,(anonymous_2)
FNF:3
FNH:2
FNDA:0,(anonymous_0)
FNDA:1203,DisplayImage
FNDA:73,(anonymous_2)
DA:6,5
DA:7,0
DA:9,0
DA:11,0
DA:13,0
DA:18,1203
DA:19,73
DA:20,73
DA:23,1203
DA:48,5
DA:52,5
LF:11
LH:7
BRDA:7,0,0,0
BRDA:7,0,1,0
BRDA:7,0,2,0
BRDA:27,1,0,1203
BRDA:27,1,1,0
BRDA:27,2,0,1203
BRDA:27,2,1,1203
BRDA:32,3,0,1203
BRDA:32,3,1,0
BRDA:32,4,0,1203
BRDA:32,4,1,1203
BRF:11
BRH:6
end_of_record
TN:
SF:src/components/Favorites.jsx
FN:16,Favorites
FN:21,(anonymous_1)
FN:24,(anonymous_2)
FN:29,(anonymous_3)
FN:34,(anonymous_4)
FN:60,(anonymous_5)
FN:62,(anonymous_6)
FNF:7
FNH:0
FNDA:0,Favorites
FNDA:0,(anonymous_1)
FNDA:0,(anonymous_2)
FNDA:0,(anonymous_3)
FNDA:0,(anonymous_4)
FNDA:0,(anonymous_5)
FNDA:0,(anonymous_6)
DA:17,0
DA:18,0
DA:19,0
DA:21,0
DA:22,0
DA:23,0
DA:24,0
DA:25,0
DA:26,0
DA:29,0
DA:30,0
DA:33,0
DA:35,0
DA:36,0
DA:38,0
DA:44,0
DA:45,0
DA:48,0
DA:60,0
DA:63,0
LF:20
LH:0
BRDA:35,0,0,0
BRDA:35,0,1,0
BRDA:44,1,0,0
BRDA:44,1,1,0
BRF:4
BRH:0
end_of_record
TN:
SF:src/components/FormButtons.jsx
FN:7,FormButtons
FN:26,(anonymous_1)
FNF:2
FNH:1
FNDA:5,FormButtons
FNDA:0,(anonymous_1)
DA:8,5
DA:10,5
DA:26,0
DA:34,1
DA:38,1
LF:5
LH:4
BRDA:26,0,0,0
BRDA:26,0,1,0
BRF:2
BRH:0
end_of_record
TN:
SF:src/components/FormField.jsx
FN:6,FormField
FN:20,MultiLineFormField
FNF:2
FNH:2
FNDA:5,FormField
FNDA:5,MultiLineFormField
DA:7,5
DA:21,5
DA:42,1
DA:55,1
LF:4
LH:4
BRDA:12,0,0,0
BRDA:12,0,1,5
BRDA:12,1,0,5
BRDA:12,1,1,0
BRDA:34,2,0,0
BRDA:34,2,1,5
BRDA:34,3,0,5
BRDA:34,3,1,0
BRF:8
BRH:4
end_of_record
TN:
SF:src/components/Loading.jsx
FN:4,Loading
FNF:1
FNH:0
FNDA:0,Loading
DA:5,0
LF:1
LH:0
BRF:0
BRH:0
end_of_record
TN:
SF:src/components/PaginationButtons.jsx
FN:5,PaginationButtons
FN:13,(anonymous_1)
FN:23,(anonymous_2)
FNF:3
FNH:0
FNDA:0,PaginationButtons
FNDA:0,(anonymous_1)
FNDA:0,(anonymous_2)
DA:6,0
DA:13,0
DA:23,0
DA:32,0
LF:4
LH:0
BRF:0
BRH:0
end_of_record
TN:
SF:src/components/SummaryCard.jsx
FN:9,SummaryCard
FN:20,(anonymous_1)
FNF:2
FNH:1
FNDA:39,SummaryCard
FNDA:0,(anonymous_1)
DA:18,39
DA:20,39
DA:21,0
DA:24,39
DA:53,4
LF:5
LH:4
BRDA:16,0,0,0
BRF:1
BRH:0
end_of_record
TN:
SF:src/components/admins/AdminCard.jsx
FN:14,AdminCard
FNF:1
FNH:0
FNDA:0,AdminCard
DA:24,0
DA:35,0
DA:67,0
LF:3
LH:0
BRF:0
BRH:0
end_of_record
TN:
SF:src/components/admins/AdminDetails.jsx
FN:19,AdminDetails
FN:25,(anonymous_1)
FN:53,(anonymous_2)
FN:54,(anonymous_3)
FN:55,(anonymous_4)
FNF:5
FNH:0
FNDA:0,AdminDetails
FNDA:0,(anonymous_1)
FNDA:0,(anonymous_2)
FNDA:0,(anonymous_3)
FNDA:0,(anonymous_4)
DA:20,0
DA:21,0
DA:22,0
DA:23,0
DA:25,0
DA:26,0
DA:29,0
DA:30,0
DA:33,0
DA:35,0
DA:53,0
DA:54,0
DA:56,0
LF:13
LH:0
BRDA:29,0,0,0
BRDA:29,0,1,0
BRDA:29,1,0,0
BRDA:29,1,1,0
BRF:4
BRH:0
end_of_record
TN:
SF:src/components/admins/AdminDetailsLayout.jsx
FN:6,AdminDetailsLayout
FN:99,(anonymous_1)
FNF:2
FNH:0
FNDA:0,AdminDetailsLayout
FNDA:0,(anonymous_1)
DA:19,0
DA:21,0
DA:100,0
DA:112,0
LF:4
LH:0
BRDA:93,0,0,0
BRDA:93,0,1,0
BRF:2
BRH:0
end_of_record
TN:
SF:src/components/admins/Admins.jsx
FN:15,Admins
FN:21,(anonymous_1)
FN:23,(anonymous_2)
FN:29,(anonymous_3)
FN:51,(anonymous_4)
FNF:5
FNH:0
FNDA:0,Admins
FNDA:0,(anonymous_1)
FNDA:0,(anonymous_2)
FNDA:0,(anonymous_3)
FNDA:0,(anonymous_4)
DA:16,0
DA:17,0
DA:18,0
DA:19,0
DA:21,0
DA:22,0
DA:24,0
DA:25,0
DA:26,0
DA:30,0
DA:34,0
DA:35,0
DA:38,0
DA:52,0
LF:14
LH:0
BRDA:24,0,0,0
BRDA:24,0,1,0
BRDA:34,1,0,0
BRDA:34,1,1,0
BRDA:41,2,0,0
BRDA:41,2,1,0
BRDA:42,3,0,0
BRDA:42,3,1,0
BRF:8
BRH:0
end_of_record
TN:
SF:src/components/admins/CreateAdminDetails.jsx
FN:13,CreateAdminDetails
FN:18,(anonymous_1)
FN:30,(anonymous_2)
FNF:3
FNH:0
FNDA:0,CreateAdminDetails
FNDA:0,(anonymous_1)
FNDA:0,(anonymous_2)
DA:14,0
DA:15,0
DA:17,0
DA:19,0
DA:24,0
DA:31,0
LF:6
LH:0
BRF:0
BRH:0
end_of_record
TN:
SF:src/components/admins/CreateAdminForm.jsx
FN:6,CreateAdminForm
FNF:1
FNH:0
FNDA:0,CreateAdminForm
DA:7,0
DA:17,0
LF:2
LH:0
BRF:0
BRH:0
end_of_record
TN:
SF:src/components/admins/EditAdminDetails.jsx
FN:18,EditAdminDetails
FN:25,(anonymous_1)
FN:30,(anonymous_2)
FN:43,(anonymous_3)
FNF:4
FNH:0
FNDA:0,EditAdminDetails
FNDA:0,(anonymous_1)
FNDA:0,(anonymous_2)
FNDA:0,(anonymous_3)
DA:19,0
DA:20,0
DA:21,0
DA:23,0
DA:25,0
DA:26,0
DA:29,0
DA:31,0
DA:36,0
DA:44,0
LF:10
LH:0
BRF:0
BRH:0
end_of_record
TN:
SF:src/components/admins/EditAdminForm.jsx
FN:6,EditAdminForm
FNF:1
FNH:0
FNDA:0,EditAdminForm
DA:7,0
DA:18,0
LF:2
LH:0
BRF:0
BRH:0
end_of_record
TN:
SF:src/components/admins/__tests__/adminCard.test.jsx
FN:11,(anonymous_0)
FN:12,(anonymous_1)
FN:16,(anonymous_2)
FN:21,(anonymous_3)
FN:25,(anonymous_4)
FN:29,(anonymous_5)
FN:37,(anonymous_6)
FN:43,(anonymous_7)
FN:49,(anonymous_8)
FN:55,(anonymous_9)
FNF:10
FNH:0
FNDA:0,(anonymous_0)
FNDA:0,(anonymous_1)
FNDA:0,(anonymous_2)
FNDA:0,(anonymous_3)
FNDA:0,(anonymous_4)
FNDA:0,(anonymous_5)
FNDA:0,(anonymous_6)
FNDA:0,(anonymous_7)
FNDA:0,(anonymous_8)
FNDA:0,(anonymous_9)
DA:11,0
DA:12,0
DA:13,0
DA:16,0
DA:17,0
DA:18,0
DA:21,0
DA:22,0
DA:25,0
DA:26,0
DA:29,0
DA:30,0
DA:37,0
DA:38,0
DA:43,0
DA:44,0
DA:49,0
DA:50,0
DA:55,0
DA:56,0
LF:20
LH:0
BRF:0
BRH:0
end_of_record
TN:
SF:src/components/admins/__tests__/adminDetails.test.jsx
FN:34,(anonymous_0)
FN:37,(anonymous_1)
FN:40,(anonymous_2)
FN:49,(anonymous_3)
FN:52,(anonymous_4)
FN:57,(anonymous_5)
FN:70,(anonymous_6)
FN:83,(anonymous_7)
FN:89,(anonymous_8)
FN:93,(anonymous_9)
FN:97,(anonymous_10)
FN:102,(anonymous_11)
FN:111,(anonymous_12)
FN:122,(anonymous_13)
FNF:14
FNH:0
FNDA:0,(anonymous_0)
FNDA:0,(anonymous_1)
FNDA:0,(anonymous_2)
FNDA:0,(anonymous_3)
FNDA:0,(anonymous_4)
FNDA:0,(anonymous_5)
FNDA:0,(anonymous_6)
FNDA:0,(anonymous_7)
FNDA:0,(anonymous_8)
FNDA:0,(anonymous_9)
FNDA:0,(anonymous_10)
FNDA:0,(anonymous_11)
FNDA:0,(anonymous_12)
FNDA:0,(anonymous_13)
DA:26,0
DA:28,0
DA:34,0
DA:37,0
DA:40,0
DA:49,0
DA:52,0
DA:53,0
DA:54,0
DA:55,0
DA:56,0
DA:57,0
DA:59,0
DA:70,0
DA:71,0
DA:80,0
DA:83,0
DA:84,0
DA:89,0
DA:90,0
DA:93,0
DA:94,0
DA:97,0
DA:98,0
DA:99,0
DA:102,0
DA:103,0
DA:104,0
DA:111,0
DA:112,0
DA:113,0
DA:122,0
DA:123,0
DA:128,0
DA:138,0
LF:35
LH:0
BRF:0
BRH:0
end_of_record
TN:
SF:src/components/admins/__tests__/admins.test.jsx
FN:23,(anonymous_0)
FN:24,(anonymous_1)
FN:36,(anonymous_2)
FN:49,(anonymous_3)
FN:74,(anonymous_4)
FN:79,(anonymous_5)
FNF:6
FNH:0
FNDA:0,(anonymous_0)
FNDA:0,(anonymous_1)
FNDA:0,(anonymous_2)
FNDA:0,(anonymous_3)
FNDA:0,(anonymous_4)
FNDA:0,(anonymous_5)
DA:16,0
DA:18,0
DA:23,0
DA:24,0
DA:25,0
DA:36,0
DA:37,0
DA:46,0
DA:49,0
DA:50,0
DA:51,0
DA:52,0
DA:57,0
DA:62,0
DA:67,0
DA:74,0
DA:75,0
DA:76,0
DA:79,0
DA:80,0
DA:85,0
DA:95,0
LF:22
LH:0
BRF:0
BRH:0
end_of_record
TN:
SF:src/components/admins/__tests__/adminsData.jsx
FN:254,getAdminCards
FN:255,(anonymous_1)
FNF:2
FNH:0
FNDA:0,getAdminCards
FNDA:0,(anonymous_1)
DA:4,0
DA:255,0
DA:256,0
LF:3
LH:0
BRF:0
BRH:0
end_of_record
TN:
SF:src/components/admins/__tests__/createAdminDetails.test.jsx
FN:22,(anonymous_0)
FN:24,(anonymous_1)
FN:29,(anonymous_2)
FN:34,(anonymous_3)
FN:35,(anonymous_4)
FN:44,(anonymous_5)
FN:53,(anonymous_6)
FN:57,(anonymous_7)
FN:87,(anonymous_8)
FN:91,(anonymous_9)
FNF:10
FNH:0
FNDA:0,(anonymous_0)
FNDA:0,(anonymous_1)
FNDA:0,(anonymous_2)
FNDA:0,(anonymous_3)
FNDA:0,(anonymous_4)
FNDA:0,(anonymous_5)
FNDA:0,(anonymous_6)
FNDA:0,(anonymous_7)
FNDA:0,(anonymous_8)
FNDA:0,(anonymous_9)
DA:22,0
DA:24,0
DA:29,0
DA:34,0
DA:35,0
DA:36,0
DA:37,0
DA:44,0
DA:45,0
DA:50,0
DA:53,0
DA:54,0
DA:57,0
DA:58,0
DA:61,0
DA:64,0
DA:67,0
DA:70,0
DA:73,0
DA:76,0
DA:79,0
DA:82,0
DA:87,0
DA:88,0
DA:91,0
DA:92,0
DA:93,0
LF:27
LH:0
BRF:0
BRH:0
end_of_record
TN:
SF:src/components/adopters/AdopterCard.jsx
FN:8,AdopterCard
FNF:1
FNH:1
FNDA:8,AdopterCard
DA:9,8
DA:18,8
DA:44,1
LF:3
LH:3
BRDA:34,0,0,7
BRDA:34,0,1,1
BRF:2
BRH:2
end_of_record
TN:
SF:src/components/adopters/AdopterDetails.jsx
FN:22,AdopterDetails
FN:28,(anonymous_1)
FN:56,(anonymous_2)
FN:57,(anonymous_3)
FN:58,(anonymous_4)
FNF:5
FNH:0
FNDA:0,AdopterDetails
FNDA:0,(anonymous_1)
FNDA:0,(anonymous_2)
FNDA:0,(anonymous_3)
FNDA:0,(anonymous_4)
DA:23,0
DA:24,0
DA:25,0
DA:26,0
DA:28,0
DA:29,0
DA:32,0
DA:33,0
DA:36,0
DA:38,0
DA:56,0
DA:57,0
DA:59,0
LF:13
LH:0
BRDA:32,0,0,0
BRDA:32,0,1,0
BRDA:32,1,0,0
BRDA:32,1,1,0
BRF:4
BRH:0
end_of_record
TN:
SF:src/components/adopters/AdopterDetailsLayout.jsx
FN:6,AdopterDetailsLayout
FNF:1
FNH:0
FNDA:0,AdopterDetailsLayout
DA:20,0
DA:22,0
DA:114,0
LF:3
LH:0
BRDA:60,0,0,0
BRDA:60,0,1,0
BRDA:84,1,0,0
BRDA:84,1,1,0
BRDA:92,2,0,0
BRDA:92,2,1,0
BRF:6
BRH:0
end_of_record
TN:
SF:src/components/adopters/Adopters.jsx
FN:15,Adopters
FN:20,(anonymous_1)
FN:22,(anonymous_2)
FN:28,(anonymous_3)
FN:48,(anonymous_4)
FNF:5
FNH:0
FNDA:0,Adopters
FNDA:0,(anonymous_1)
FNDA:0,(anonymous_2)
FNDA:0,(anonymous_3)
FNDA:0,(anonymous_4)
DA:16,0
DA:17,0
DA:18,0
DA:20,0
DA:21,0
DA:23,0
DA:24,0
DA:25,0
DA:29,0
DA:33,0
DA:34,0
DA:37,0
DA:49,0
LF:13
LH:0
BRDA:23,0,0,0
BRDA:23,0,1,0
BRDA:33,1,0,0
BRDA:33,1,1,0
BRF:4
BRH:0
end_of_record
TN:
SF:src/components/adopters/CreateAdopterDetails.jsx
FN:16,CreateAdopterDetails
FN:21,(anonymous_1)
FN:33,(anonymous_2)
FNF:3
FNH:0
FNDA:0,CreateAdopterDetails
FNDA:0,(anonymous_1)
FNDA:0,(anonymous_2)
DA:17,0
DA:18,0
DA:20,0
DA:22,0
DA:27,0
DA:34,0
LF:6
LH:0
BRF:0
BRH:0
end_of_record
TN:
SF:src/components/adopters/CreateAdopterForm.jsx
FN:6,CreateAdopterForm
FNF:1
FNH:0
FNDA:0,CreateAdopterForm
DA:7,0
DA:17,0
LF:2
LH:0
BRF:0
BRH:0
end_of_record
TN:
SF:src/components/adopters/EditAdopterDetails.jsx
FN:21,EditAdopterDetails
FN:28,(anonymous_1)
FN:33,(anonymous_2)
FN:46,(anonymous_3)
FNF:4
FNH:0
FNDA:0,EditAdopterDetails
FNDA:0,(anonymous_1)
FNDA:0,(anonymous_2)
FNDA:0,(anonymous_3)
DA:22,0
DA:23,0
DA:24,0
DA:26,0
DA:28,0
DA:29,0
DA:32,0
DA:34,0
DA:39,0
DA:47,0
LF:10
LH:0
BRF:0
BRH:0
end_of_record
TN:
SF:src/components/adopters/EditAdopterForm.jsx
FN:6,EditAdopterForm
FNF:1
FNH:0
FNDA:0,EditAdopterForm
DA:7,0
DA:18,0
LF:2
LH:0
BRF:0
BRH:0
end_of_record
TN:
SF:src/components/fosters/CreateFosterDetails.jsx
FN:13,CreateFosterDetails
FN:18,(anonymous_1)
FN:30,(anonymous_2)
FNF:3
FNH:0
FNDA:0,CreateFosterDetails
FNDA:0,(anonymous_1)
FNDA:0,(anonymous_2)
DA:14,0
DA:15,0
DA:17,0
DA:19,0
DA:24,0
DA:31,0
LF:6
LH:0
BRF:0
BRH:0
end_of_record
TN:
SF:src/components/fosters/CreateFosterForm.jsx
FN:6,CreateFosterForm
FNF:1
FNH:0
FNDA:0,CreateFosterForm
DA:7,0
DA:17,0
LF:2
LH:0
BRF:0
BRH:0
end_of_record
TN:
SF:src/components/fosters/EditFosterDetails.jsx
FN:18,EditFosterDetails
FN:25,(anonymous_1)
FN:30,(anonymous_2)
FN:43,(anonymous_3)
FNF:4
FNH:0
FNDA:0,EditFosterDetails
FNDA:0,(anonymous_1)
FNDA:0,(anonymous_2)
FNDA:0,(anonymous_3)
DA:19,0
DA:20,0
DA:21,0
DA:23,0
DA:25,0
DA:26,0
DA:29,0
DA:31,0
DA:36,0
DA:44,0
LF:10
LH:0
BRF:0
BRH:0
end_of_record
TN:
SF:src/components/fosters/EditFosterForm.jsx
FN:6,EditFosterForm
FNF:1
FNH:0
FNDA:0,EditFosterForm
DA:7,0
DA:18,0
LF:2
LH:0
BRF:0
BRH:0
end_of_record
TN:
SF:src/components/fosters/FosterCard.jsx
FN:8,FosterCard
FNF:1
FNH:1
FNDA:9,FosterCard
DA:17,9
DA:27,9
DA:56,1
LF:3
LH:3
BRDA:43,0,0,8
BRDA:43,0,1,1
BRF:2
BRH:2
end_of_record
TN:
SF:src/components/fosters/FosterDetails.jsx
FN:19,FosterDetails
FN:25,(anonymous_1)
FN:53,(anonymous_2)
FN:54,(anonymous_3)
FN:55,(anonymous_4)
FNF:5
FNH:0
FNDA:0,FosterDetails
FNDA:0,(anonymous_1)
FNDA:0,(anonymous_2)
FNDA:0,(anonymous_3)
FNDA:0,(anonymous_4)
DA:20,0
DA:21,0
DA:22,0
DA:23,0
DA:25,0
DA:26,0
DA:29,0
DA:30,0
DA:33,0
DA:35,0
DA:53,0
DA:54,0
DA:56,0
LF:13
LH:0
BRDA:29,0,0,0
BRDA:29,0,1,0
BRDA:29,1,0,0
BRDA:29,1,1,0
BRF:4
BRH:0
end_of_record
TN:
SF:src/components/fosters/FosterDetailsLayout.jsx
FN:6,FosterDetailsLayout
FNF:1
FNH:0
FNDA:0,FosterDetailsLayout
DA:21,0
DA:23,0
DA:123,0
LF:3
LH:0
BRDA:77,0,0,0
BRDA:77,0,1,0
BRDA:101,1,0,0
BRDA:101,1,1,0
BRF:4
BRH:0
end_of_record
TN:
SF:src/components/fosters/Fosters.jsx
FN:15,Fosters
FN:20,(anonymous_1)
FN:22,(anonymous_2)
FN:28,(anonymous_3)
FN:48,(anonymous_4)
FNF:5
FNH:0
FNDA:0,Fosters
FNDA:0,(anonymous_1)
FNDA:0,(anonymous_2)
FNDA:0,(anonymous_3)
FNDA:0,(anonymous_4)
DA:16,0
DA:17,0
DA:18,0
DA:20,0
DA:21,0
DA:23,0
DA:24,0
DA:25,0
DA:29,0
DA:33,0
DA:34,0
DA:37,0
DA:49,0
LF:13
LH:0
BRDA:23,0,0,0
BRDA:23,0,1,0
BRDA:33,1,0,0
BRDA:33,1,1,0
BRF:4
BRH:0
end_of_record
TN:
SF:src/components/header/AppHeader.jsx
FN:32,reducer
FN:52,AppHeader
FN:59,(anonymous_2)
FN:70,(anonymous_3)
FN:76,(anonymous_4)
FN:80,(anonymous_5)
FN:84,(anonymous_6)
FN:88,(anonymous_7)
FN:92,(anonymous_8)
FNF:9
FNH:6
FNDA:4,reducer
FNDA:7,AppHeader
FNDA:0,(anonymous_2)
FNDA:0,(anonymous_3)
FNDA:2,(anonymous_4)
FNDA:2,(anonymous_5)
FNDA:0,(anonymous_6)
FNDA:1,(anonymous_7)
FNDA:1,(anonymous_8)
DA:27,1
DA:33,4
DA:35,2
DA:37,2
DA:39,0
DA:43,1
DA:53,7
DA:54,7
DA:55,7
DA:56,7
DA:58,7
DA:60,0
DA:61,0
DA:63,0
DA:69,7
DA:71,0
DA:76,7
DA:77,2
DA:80,7
DA:81,2
DA:84,7
DA:85,0
DA:88,7
DA:89,1
DA:92,7
DA:93,1
DA:96,7
DA:138,1
LF:28
LH:22
BRDA:33,0,0,2
BRDA:33,0,1,2
BRDA:33,0,2,0
BRDA:60,1,0,0
BRDA:60,1,1,0
BRF:5
BRH:2
end_of_record
TN:
SF:src/components/header/DrawerComponent.jsx
FN:13,DrawerComponent
FN:37,(anonymous_1)
FN:41,(anonymous_2)
FNF:3
FNH:3
FNDA:8,DrawerComponent
FNDA:44,(anonymous_1)
FNDA:1,(anonymous_2)
DA:19,8
DA:38,44
DA:41,1
DA:54,1
LF:4
LH:4
BRF:0
BRH:0
end_of_record
TN:
SF:src/components/header/TabsComponent.jsx
FN:5,TabsComponent
FN:13,(anonymous_1)
FNF:2
FNH:2
FNDA:7,TabsComponent
FNDA:42,(anonymous_1)
DA:6,7
DA:14,42
DA:26,1
LF:3
LH:3
BRDA:17,0,0,42
BRDA:17,0,1,7
BRF:2
BRH:2
end_of_record
TN:
SF:src/components/login/Login.jsx
FN:10,Login
FN:14,(anonymous_1)
FN:16,(anonymous_2)
FN:21,(anonymous_3)
FN:46,(anonymous_4)
FNF:5
FNH:5
FNDA:17,Login
FNDA:17,(anonymous_1)
FNDA:17,(anonymous_2)
FNDA:3,(anonymous_3)
FNDA:582,(anonymous_4)
DA:11,17
DA:12,17
DA:14,17
DA:15,17
DA:16,17
DA:17,17
DA:21,17
DA:22,3
DA:23,3
DA:24,2
DA:25,2
DA:26,1
DA:28,1
DA:29,1
DA:31,2
DA:32,2
DA:36,1
DA:40,17
DA:46,582
LF:19
LH:19
BRDA:24,0,0,2
BRDA:24,0,1,0
BRDA:25,1,0,1
BRDA:25,1,1,1
BRDA:31,2,0,2
BRDA:31,2,1,0
BRF:6
BRH:4
end_of_record
TN:
SF:src/components/login/LoginForm.jsx
FN:14,LoginForm
FNF:1
FNH:1
FNDA:582,LoginForm
DA:15,582
DA:125,1
LF:2
LH:2
BRF:0
BRH:0
end_of_record
TN:
SF:src/components/rescues/CreateRescueDetails.jsx
FN:13,CreateRescueDetails
FN:18,(anonymous_1)
FN:30,(anonymous_2)
FNF:3
FNH:0
FNDA:0,CreateRescueDetails
FNDA:0,(anonymous_1)
FNDA:0,(anonymous_2)
DA:14,0
DA:15,0
DA:17,0
DA:19,0
DA:24,0
DA:31,0
LF:6
LH:0
BRF:0
BRH:0
end_of_record
TN:
SF:src/components/rescues/CreateRescueForm.jsx
FN:6,CreateRescueForm
FNF:1
FNH:0
FNDA:0,CreateRescueForm
DA:7,0
DA:17,0
LF:2
LH:0
BRF:0
BRH:0
end_of_record
TN:
SF:src/components/rescues/EditRescueDetails.jsx
FN:18,EditRescueDetails
FN:25,(anonymous_1)
FN:30,(anonymous_2)
FN:43,(anonymous_3)
FNF:4
FNH:0
FNDA:0,EditRescueDetails
FNDA:0,(anonymous_1)
FNDA:0,(anonymous_2)
FNDA:0,(anonymous_3)
DA:19,0
DA:20,0
DA:21,0
DA:23,0
DA:25,0
DA:26,0
DA:29,0
DA:31,0
DA:36,0
DA:44,0
LF:10
LH:0
BRF:0
BRH:0
end_of_record
TN:
SF:src/components/rescues/EditRescueForm.jsx
FN:6,EditRescueForm
FNF:1
FNH:0
FNDA:0,EditRescueForm
DA:7,0
DA:18,0
LF:2
LH:0
BRF:0
BRH:0
end_of_record
TN:
SF:src/components/rescues/RescueCard.jsx
FN:10,RescueCard
FN:55,(anonymous_1)
FN:62,(anonymous_2)
FN:74,(anonymous_3)
FNF:4
FNH:1
FNDA:13,RescueCard
FNDA:0,(anonymous_1)
FNDA:0,(anonymous_2)
FNDA:0,(anonymous_3)
DA:21,13
DA:30,13
DA:55,0
DA:62,0
DA:73,1
DA:77,1
LF:6
LH:4
BRDA:52,0,0,1
BRDA:52,0,1,12
BRF:2
BRH:2
end_of_record
TN:
SF:src/components/rescues/RescueDetails.jsx
FN:20,RescueDetails
FN:26,(anonymous_1)
FN:55,(anonymous_2)
FN:63,(anonymous_3)
FN:64,(anonymous_4)
FN:65,(anonymous_5)
FNF:6
FNH:0
FNDA:0,RescueDetails
FNDA:0,(anonymous_1)
FNDA:0,(anonymous_2)
FNDA:0,(anonymous_3)
FNDA:0,(anonymous_4)
FNDA:0,(anonymous_5)
DA:21,0
DA:22,0
DA:23,0
DA:24,0
DA:26,0
DA:27,0
DA:30,0
DA:31,0
DA:34,0
DA:36,0
DA:55,0
DA:63,0
DA:64,0
DA:66,0
LF:14
LH:0
BRDA:30,0,0,0
BRDA:30,0,1,0
BRDA:30,1,0,0
BRDA:30,1,1,0
BRF:4
BRH:0
end_of_record
TN:
SF:src/components/rescues/RescueDetailsLayout.jsx
FN:6,RescueDetailsLayout
FNF:1
FNH:0
FNDA:0,RescueDetailsLayout
DA:19,0
DA:21,0
DA:113,0
LF:3
LH:0
BRDA:59,0,0,0
BRDA:59,0,1,0
BRDA:67,1,0,0
BRDA:67,1,1,0
BRDA:72,2,0,0
BRDA:72,2,1,0
BRDA:75,3,0,0
BRDA:75,3,1,0
BRDA:83,4,0,0
BRDA:83,4,1,0
BRDA:91,5,0,0
BRDA:91,5,1,0
BRF:12
BRH:0
end_of_record
TN:
SF:src/components/rescues/Rescues.jsx
FN:26,Rescues
FN:31,(anonymous_1)
FN:33,(anonymous_2)
FN:37,(anonymous_3)
FN:43,(anonymous_4)
FN:58,(anonymous_5)
FN:61,(anonymous_6)
FN:65,(anonymous_7)
FN:66,(anonymous_8)
FN:72,(anonymous_9)
FN:86,(anonymous_10)
FN:89,(anonymous_11)
FNF:12
FNH:0
FNDA:0,Rescues
FNDA:0,(anonymous_1)
FNDA:0,(anonymous_2)
FNDA:0,(anonymous_3)
FNDA:0,(anonymous_4)
FNDA:0,(anonymous_5)
FNDA:0,(anonymous_6)
FNDA:0,(anonymous_7)
FNDA:0,(anonymous_8)
FNDA:0,(anonymous_9)
FNDA:0,(anonymous_10)
FNDA:0,(anonymous_11)
DA:27,0
DA:28,0
DA:29,0
DA:31,0
DA:32,0
DA:34,0
DA:35,0
DA:38,0
DA:42,0
DA:44,0
DA:45,0
DA:50,0
DA:56,0
DA:58,0
DA:60,0
DA:62,0
DA:63,0
DA:66,0
DA:67,0
DA:71,0
DA:73,0
DA:74,0
DA:79,0
DA:85,0
DA:87,0
DA:90,0
DA:106,0
DA:107,0
DA:110,0
LF:29
LH:0
BRDA:44,0,0,0
BRDA:44,0,1,0
BRDA:63,1,0,0
BRDA:63,1,1,0
BRDA:73,2,0,0
BRDA:73,2,1,0
BRDA:106,3,0,0
BRDA:106,3,1,0
BRF:8
BRH:0
end_of_record
TN:
SF:src/components/veterinarians/CreateVeterinarianDetails.jsx
FN:16,CreateVeterinarianDetails
FN:21,(anonymous_1)
FN:38,(anonymous_2)
FNF:3
FNH:0
FNDA:0,CreateVeterinarianDetails
FNDA:0,(anonymous_1)
FNDA:0,(anonymous_2)
DA:17,0
DA:18,0
DA:20,0
DA:22,0
DA:32,0
DA:39,0
LF:6
LH:0
BRF:0
BRH:0
end_of_record
TN:
SF:src/components/veterinarians/CreateVeterinarianForm.jsx
FN:6,CreateVeterinarianForm
FNF:1
FNH:0
FNDA:0,CreateVeterinarianForm
DA:7,0
DA:17,0
LF:2
LH:0
BRF:0
BRH:0
end_of_record
TN:
SF:src/components/veterinarians/EditVeterinarianDetails.jsx
FN:21,EditVeterinarianDetails
FN:28,(anonymous_1)
FN:39,(anonymous_2)
FN:52,(anonymous_3)
FNF:4
FNH:0
FNDA:0,EditVeterinarianDetails
FNDA:0,(anonymous_1)
FNDA:0,(anonymous_2)
FNDA:0,(anonymous_3)
DA:22,0
DA:23,0
DA:24,0
DA:26,0
DA:28,0
DA:29,0
DA:38,0
DA:40,0
DA:45,0
DA:53,0
LF:10
LH:0
BRF:0
BRH:0
end_of_record
TN:
SF:src/components/veterinarians/EditVeterinarianForm.jsx
FN:6,EditVeterinarianForm
FNF:1
FNH:0
FNDA:0,EditVeterinarianForm
DA:7,0
DA:18,0
LF:2
LH:0
BRF:0
BRH:0
end_of_record
TN:
SF:src/components/veterinarians/VeterinarianCard.jsx
FN:8,VeterinarianCard
FNF:1
FNH:1
FNDA:9,VeterinarianCard
DA:17,9
DA:27,9
DA:56,1
LF:3
LH:3
BRDA:43,0,0,8
BRDA:43,0,1,1
BRF:2
BRH:2
end_of_record
TN:
SF:src/components/veterinarians/VeterinarianDetails.jsx
FN:22,VeterinarianDetails
FN:28,(anonymous_1)
FN:62,(anonymous_2)
FN:63,(anonymous_3)
FN:64,(anonymous_4)
FNF:5
FNH:0
FNDA:0,VeterinarianDetails
FNDA:0,(anonymous_1)
FNDA:0,(anonymous_2)
FNDA:0,(anonymous_3)
FNDA:0,(anonymous_4)
DA:23,0
DA:24,0
DA:25,0
DA:26,0
DA:28,0
DA:29,0
DA:38,0
DA:39,0
DA:42,0
DA:44,0
DA:62,0
DA:63,0
DA:65,0
LF:13
LH:0
BRDA:38,0,0,0
BRDA:38,0,1,0
BRDA:38,1,0,0
BRDA:38,1,1,0
BRF:4
BRH:0
end_of_record
TN:
SF:src/components/veterinarians/VeterinarianDetailsLayout.jsx
FN:6,VeterinarianDetailsLayout
FNF:1
FNH:0
FNDA:0,VeterinarianDetailsLayout
DA:20,0
DA:22,0
DA:114,0
LF:3
LH:0
BRDA:60,0,0,0
BRDA:60,0,1,0
BRDA:92,1,0,0
BRDA:92,1,1,0
BRF:4
BRH:0
end_of_record
TN:
SF:src/components/veterinarians/Veterinarians.jsx
FN:15,Veterinarians
FN:20,(anonymous_1)
FN:22,(anonymous_2)
FN:31,(anonymous_3)
FN:53,(anonymous_4)
FNF:5
FNH:0
FNDA:0,Veterinarians
FNDA:0,(anonymous_1)
FNDA:0,(anonymous_2)
FNDA:0,(anonymous_3)
FNDA:0,(anonymous_4)
DA:16,0
DA:17,0
DA:18,0
DA:20,0
DA:21,0
DA:23,0
DA:24,0
DA:25,0
DA:32,0
DA:36,0
DA:37,0
DA:40,0
DA:54,0
LF:13
LH:0
BRDA:23,0,0,0
BRDA:23,0,1,0
BRDA:36,1,0,0
BRDA:36,1,1,0
BRF:4
BRH:0
end_of_record
TN:
SF:src/contexts/favoritesContext.jsx
FN:16,reducer
FN:43,(anonymous_1)
FN:50,(anonymous_2)
FN:54,(anonymous_3)
FN:70,FavoritesProvider
FN:72,(anonymous_5)
FNF:6
FNH:6
FNDA:17,reducer
FNDA:2,(anonymous_1)
FNDA:2,(anonymous_2)
FNDA:2,(anonymous_3)
FNDA:1,FavoritesProvider
FNDA:1,(anonymous_5)
DA:4,1
DA:17,17
DA:19,1
DA:21,1
DA:23,1
DA:25,1
DA:27,1
DA:29,1
DA:31,1
DA:33,1
DA:35,1
DA:37,1
DA:39,1
DA:41,1
DA:44,2
DA:48,1
DA:51,2
DA:54,2
DA:58,1
DA:60,1
DA:62,1
DA:64,1
DA:68,1
DA:71,1
DA:72,1
DA:74,1
DA:81,1
LF:27
LH:27
BRDA:17,0,0,1
BRDA:17,0,1,1
BRDA:17,0,2,1
BRDA:17,0,3,1
BRDA:17,0,4,1
BRDA:17,0,5,1
BRDA:17,0,6,1
BRDA:17,0,7,1
BRDA:17,0,8,1
BRDA:17,0,9,1
BRDA:17,0,10,1
BRDA:17,0,11,1
BRDA:17,0,12,1
BRDA:17,0,13,1
BRDA:17,0,14,1
BRDA:17,0,15,1
BRDA:17,0,16,1
BRDA:44,1,0,1
BRDA:44,1,1,1
BRDA:51,2,0,1
BRDA:51,2,1,1
BRF:21
BRH:21
end_of_record
TN:
SF:src/database/connectDB.js
FN:18,connectDB
FN:32,(anonymous_1)
FNF:2
FNH:0
FNDA:0,connectDB
FNDA:0,(anonymous_1)
DA:1,0
DA:2,0
DA:4,0
DA:5,0
DA:6,0
DA:8,0
DA:19,0
DA:20,0
DA:21,0
DA:22,0
DA:24,0
DA:25,0
DA:29,0
DA:31,0
DA:32,0
LF:15
LH:0
BRDA:4,0,0,0
BRDA:4,0,1,0
BRF:2
BRH:0
end_of_record
TN:
SF:src/reducers/editReducer.js
FN:1,editReducer
FNF:1
FNH:1
FNDA:6,editReducer
DA:2,6
DA:4,1
DA:6,1
DA:8,1
DA:10,1
DA:12,1
DA:14,1
LF:7
LH:7
BRDA:2,0,0,1
BRDA:2,0,1,1
BRDA:2,0,2,1
BRDA:2,0,3,1
BRDA:2,0,4,1
BRDA:2,0,5,1
BRF:6
BRH:6
end_of_record
TN:
SF:src/server/constants.js
FNF:0
FNH:0
DA:1,5
DA:72,5
DA:73,5
DA:74,5
DA:75,5
DA:76,5
DA:77,5
DA:78,5
DA:79,5
DA:80,5
DA:81,5
DA:82,5
DA:83,5
DA:84,5
DA:85,5
DA:86,5
DA:87,5
DA:88,5
DA:89,5
DA:90,5
DA:91,5
DA:92,5
DA:93,5
DA:94,5
DA:95,5
DA:96,5
DA:97,5
DA:98,5
DA:99,5
DA:100,5
DA:101,5
LF:31
LH:31
BRF:0
BRH:0
end_of_record
TN:
SF:src/server/server.js
FN:78,(anonymous_0)
FNF:1
FNH:0
FNDA:0,(anonymous_0)
DA:1,0
DA:2,0
DA:3,0
DA:4,0
DA:5,0
DA:6,0
DA:8,0
DA:9,0
DA:10,0
DA:11,0
DA:12,0
DA:13,0
DA:14,0
DA:23,0
DA:25,0
DA:26,0
DA:27,0
DA:28,0
DA:30,0
DA:66,0
DA:67,0
DA:68,0
DA:69,0
DA:70,0
DA:71,0
DA:72,0
DA:74,0
DA:75,0
DA:78,0
DA:79,0
DA:82,0
LF:31
LH:0
BRF:0
BRH:0
end_of_record
TN:
SF:src/server/shared.js
FN:17,(anonymous_0)
FN:30,(anonymous_1)
FN:34,(anonymous_2)
FN:48,(anonymous_3)
FN:49,(anonymous_4)
FN:51,(anonymous_5)
FN:67,(anonymous_6)
FN:79,(anonymous_7)
FN:87,(anonymous_8)
FN:90,(anonymous_9)
FN:96,(anonymous_10)
FN:99,(anonymous_11)
FN:107,(anonymous_12)
FN:108,(anonymous_13)
FN:110,(anonymous_14)
FN:119,(anonymous_15)
FN:133,(anonymous_16)
FN:145,(anonymous_17)
FN:146,(anonymous_18)
FN:148,(anonymous_19)
FN:157,(anonymous_20)
FN:171,(anonymous_21)
FN:185,(anonymous_22)
FN:193,(anonymous_23)
FN:194,(anonymous_24)
FN:203,(anonymous_25)
FN:223,(anonymous_26)
FN:249,(anonymous_27)
FN:250,(anonymous_28)
FN:256,(anonymous_29)
FN:262,(anonymous_30)
FN:265,(anonymous_31)
FN:284,(anonymous_32)
FN:288,(anonymous_33)
FN:305,(anonymous_34)
FN:307,(anonymous_35)
FN:315,(anonymous_36)
FN:317,(anonymous_37)
FN:337,(anonymous_38)
FN:349,(anonymous_39)
FNF:40
FNH:0
FNDA:0,(anonymous_0)
FNDA:0,(anonymous_1)
FNDA:0,(anonymous_2)
FNDA:0,(anonymous_3)
FNDA:0,(anonymous_4)
FNDA:0,(anonymous_5)
FNDA:0,(anonymous_6)
FNDA:0,(anonymous_7)
FNDA:0,(anonymous_8)
FNDA:0,(anonymous_9)
FNDA:0,(anonymous_10)
FNDA:0,(anonymous_11)
FNDA:0,(anonymous_12)
FNDA:0,(anonymous_13)
FNDA:0,(anonymous_14)
FNDA:0,(anonymous_15)
FNDA:0,(anonymous_16)
FNDA:0,(anonymous_17)
FNDA:0,(anonymous_18)
FNDA:0,(anonymous_19)
FNDA:0,(anonymous_20)
FNDA:0,(anonymous_21)
FNDA:0,(anonymous_22)
FNDA:0,(anonymous_23)
FNDA:0,(anonymous_24)
FNDA:0,(anonymous_25)
FNDA:0,(anonymous_26)
FNDA:0,(anonymous_27)
FNDA:0,(anonymous_28)
FNDA:0,(anonymous_29)
FNDA:0,(anonymous_30)
FNDA:0,(anonymous_31)
FNDA:0,(anonymous_32)
FNDA:0,(anonymous_33)
FNDA:0,(anonymous_34)
FNDA:0,(anonymous_35)
FNDA:0,(anonymous_36)
FNDA:0,(anonymous_37)
FNDA:0,(anonymous_38)
FNDA:0,(anonymous_39)
DA:1,3
DA:2,3
DA:3,3
DA:4,3
DA:5,3
DA:6,3
DA:9,3
DA:10,3
DA:13,3
DA:14,3
DA:17,3
DA:18,0
DA:19,0
DA:22,0
DA:23,0
DA:24,0
DA:27,0
DA:30,3
DA:31,0
DA:32,0
DA:33,0
DA:34,0
DA:36,0
DA:39,0
DA:44,3
DA:48,3
DA:49,0
DA:51,0
DA:52,0
DA:53,0
DA:54,0
DA:57,0
DA:60,0
DA:63,0
DA:68,0
DA:69,0
DA:70,0
DA:73,0
DA:79,3
DA:80,0
DA:81,0
DA:83,0
DA:87,3
DA:88,0
DA:89,0
DA:90,0
DA:92,0
DA:96,3
DA:97,0
DA:98,0
DA:99,0
DA:100,0
DA:103,0
DA:107,3
DA:108,0
DA:110,0
DA:111,0
DA:112,0
DA:113,0
DA:116,0
DA:119,0
DA:120,0
DA:121,0
DA:122,0
DA:126,0
DA:129,0
DA:134,0
DA:135,0
DA:136,0
DA:139,0
DA:145,3
DA:146,0
DA:148,0
DA:149,0
DA:150,0
DA:151,0
DA:154,0
DA:157,0
DA:158,0
DA:159,0
DA:160,0
DA:164,0
DA:167,0
DA:172,0
DA:173,0
DA:174,0
DA:177,0
DA:185,3
DA:186,0
DA:187,0
DA:188,0
DA:189,0
DA:190,0
DA:191,0
DA:192,0
DA:193,0
DA:194,0
DA:196,0
DA:199,0
DA:203,3
DA:204,0
DA:206,0
DA:209,0
DA:210,0
DA:211,0
DA:215,0
DA:219,0
DA:222,0
DA:223,0
DA:226,0
DA:227,0
DA:231,0
DA:232,0
DA:236,0
DA:239,0
DA:245,0
DA:249,3
DA:250,0
DA:251,0
DA:253,0
DA:254,0
DA:256,0
DA:257,0
DA:258,0
DA:261,0
DA:262,0
DA:265,0
DA:266,0
DA:267,0
DA:269,0
DA:284,3
DA:285,0
DA:286,0
DA:287,0
DA:288,0
DA:289,0
DA:296,0
DA:299,0
DA:305,3
DA:307,3
DA:308,0
DA:309,0
DA:311,0
DA:315,3
DA:317,3
DA:318,0
DA:319,0
DA:320,0
DA:321,0
DA:331,0
DA:333,0
DA:337,3
DA:338,0
DA:339,0
DA:343,0
DA:344,0
DA:345,0
DA:349,0
DA:350,0
DA:351,0
DA:352,0
LF:161
LH:28
BRDA:18,0,0,0
BRDA:18,0,1,0
BRDA:23,1,0,0
BRDA:23,1,1,0
BRDA:36,2,0,0
BRDA:36,2,1,0
BRDA:52,3,0,0
BRDA:52,3,1,0
BRDA:68,4,0,0
BRDA:68,4,1,0
BRDA:100,5,0,0
BRDA:100,5,1,0
BRDA:111,6,0,0
BRDA:111,6,1,0
BRDA:120,7,0,0
BRDA:120,7,1,0
BRDA:134,8,0,0
BRDA:134,8,1,0
BRDA:149,9,0,0
BRDA:149,9,1,0
BRDA:158,10,0,0
BRDA:158,10,1,0
BRDA:172,11,0,0
BRDA:172,11,1,0
BRDA:191,12,0,0
BRDA:191,12,1,0
BRDA:210,13,0,0
BRDA:210,13,1,0
BRDA:226,14,0,0
BRDA:226,14,1,0
BRDA:231,15,0,0
BRDA:231,15,1,0
BRDA:257,16,0,0
BRDA:257,16,1,0
BRDA:266,17,0,0
BRDA:266,17,1,0
BRDA:319,18,0,0
BRDA:319,18,1,0
BRDA:325,19,0,0
BRDA:325,19,1,0
BRDA:327,20,0,0
BRDA:327,20,1,0
BRDA:338,21,0,0
BRDA:338,21,1,0
BRDA:344,22,0,0
BRDA:344,22,1,0
BRDA:350,23,0,0
BRDA:350,23,1,0
BRF:48
BRH:0
end_of_record
TN:
SF:src/server/startServer.js
FN:6,(anonymous_0)
FNF:1
FNH:0
FNDA:0,(anonymous_0)
DA:1,0
DA:2,0
DA:4,0
DA:6,0
DA:7,0
LF:5
LH:0
BRDA:4,0,0,0
BRDA:4,0,1,0
BRF:2
BRH:0
end_of_record
TN:
SF:src/server/apiService/apiConfig.js
FNF:0
FNH:0
DA:1,6
DA:4,6
DA:7,6
DA:8,6
DA:9,6
DA:10,6
DA:11,6
DA:12,6
DA:13,6
DA:14,6
DA:15,6
DA:16,6
DA:17,6
DA:18,6
DA:19,6
DA:20,6
DA:21,6
DA:22,6
DA:23,6
DA:24,6
DA:25,6
DA:26,6
DA:27,6
DA:28,6
DA:29,6
DA:30,6
DA:31,6
DA:32,6
DA:33,6
DA:34,6
DA:35,6
DA:36,6
DA:37,6
DA:39,6
LF:34
LH:34
BRDA:4,0,0,0
BRDA:4,0,1,6
BRF:2
BRH:1
end_of_record
TN:
SF:src/server/apiService/authApi.js
FN:7,(anonymous_0)
FN:13,(anonymous_1)
FN:14,(anonymous_2)
FN:19,(anonymous_3)
FN:20,(anonymous_4)
FNF:5
FNH:0
FNDA:0,(anonymous_0)
FNDA:0,(anonymous_1)
FNDA:0,(anonymous_2)
FNDA:0,(anonymous_3)
FNDA:0,(anonymous_4)
DA:5,0
DA:7,0
DA:8,0
DA:12,0
DA:13,0
DA:15,0
DA:19,0
DA:20,0
DA:21,0
DA:22,0
LF:10
LH:0
BRF:0
BRH:0
end_of_record
TN:
SF:src/server/apiService/cardApi.js
FN:3,(anonymous_0)
FNF:1
FNH:0
FNDA:0,(anonymous_0)
DA:3,0
DA:4,0
DA:5,0
DA:6,0
DA:8,0
LF:5
LH:0
BRDA:5,0,0,0
BRDA:5,0,1,0
BRF:2
BRH:0
end_of_record
TN:
SF:src/server/apiService/detailsApi.js
FN:3,(anonymous_0)
FN:5,(anonymous_1)
FN:12,(anonymous_2)
FN:20,(anonymous_3)
FN:32,(anonymous_4)
FNF:5
FNH:0
FNDA:0,(anonymous_0)
FNDA:0,(anonymous_1)
FNDA:0,(anonymous_2)
FNDA:0,(anonymous_3)
FNDA:0,(anonymous_4)
DA:3,5
DA:5,5
DA:6,0
DA:9,0
DA:12,5
DA:13,0
DA:17,0
DA:20,5
DA:21,0
DA:29,0
DA:32,5
DA:33,0
DA:41,0
LF:13
LH:5
BRF:0
BRH:0
end_of_record
TN:
SF:src/server/apiService/favoritesApi.js
FN:4,(anonymous_0)
FN:9,(anonymous_1)
FNF:2
FNH:0
FNDA:0,(anonymous_0)
FNDA:0,(anonymous_1)
DA:4,0
DA:5,0
DA:6,0
DA:9,0
DA:10,0
DA:14,0
LF:6
LH:0
BRF:0
BRH:0
end_of_record
TN:
SF:src/server/apiService/rescueDetailsApi.js
FN:4,(anonymous_0)
FNF:1
FNH:0
FNDA:0,(anonymous_0)
DA:4,0
DA:5,0
DA:9,0
LF:3
LH:0
BRF:0
BRH:0
end_of_record
TN:
SF:src/server/apiService/rescuesApi.js
FN:4,(anonymous_0)
FN:12,(anonymous_1)
FN:18,(anonymous_2)
FN:23,(anonymous_3)
FNF:4
FNH:0
FNDA:0,(anonymous_0)
FNDA:0,(anonymous_1)
FNDA:0,(anonymous_2)
FNDA:0,(anonymous_3)
DA:4,0
DA:5,0
DA:9,0
DA:12,0
DA:13,0
DA:16,0
DA:17,0
DA:18,0
DA:20,0
DA:23,0
DA:24,0
DA:28,0
LF:12
LH:0
BRDA:16,0,0,0
BRDA:16,0,1,0
BRF:2
BRH:0
end_of_record
TN:
SF:src/server/controllers/authenticationController.js
FN:12,(anonymous_0)
FN:51,(anonymous_1)
FNF:2
FNH:2
FNDA:3,(anonymous_0)
FNDA:1,(anonymous_1)
DA:1,1
DA:7,1
DA:10,1
DA:12,1
DA:13,3
DA:14,0
DA:15,0
DA:18,3
DA:19,3
DA:20,0
DA:21,0
DA:24,3
DA:27,3
DA:28,3
DA:30,3
DA:31,3
DA:32,3
DA:33,1
DA:34,1
DA:37,2
DA:38,2
DA:39,1
DA:40,1
DA:43,1
DA:44,1
DA:46,0
DA:47,0
DA:51,1
DA:52,1
LF:29
LH:23
BRDA:13,0,0,0
BRDA:13,0,1,3
BRDA:19,1,0,0
BRDA:19,1,1,3
BRDA:32,2,0,1
BRDA:32,2,1,2
BRDA:32,3,0,3
BRDA:32,3,1,2
BRDA:38,4,0,1
BRDA:38,4,1,1
BRF:10
BRH:8
end_of_record
TN:
SF:src/server/controllers/createHandlersController.js
FN:16,(anonymous_0)
FN:23,(anonymous_1)
FN:49,(anonymous_2)
FN:51,(anonymous_3)
FN:54,(anonymous_4)
FN:57,(anonymous_5)
FN:80,(anonymous_6)
FN:104,(anonymous_7)
FN:126,(anonymous_8)
FNF:9
FNH:7
FNDA:5,(anonymous_0)
FNDA:20,(anonymous_1)
FNDA:15,(anonymous_2)
FNDA:15,(anonymous_3)
FNDA:10,(anonymous_4)
FNDA:5,(anonymous_5)
FNDA:20,(anonymous_6)
FNDA:0,(anonymous_7)
FNDA:0,(anonymous_8)
DA:1,1
DA:13,1
DA:14,1
DA:16,1
DA:22,5
DA:24,20
DA:25,20
DA:26,20
DA:28,15
DA:29,12
DA:31,3
DA:33,14
DA:34,5
DA:35,5
DA:37,9
DA:40,5
DA:45,1
DA:50,15
DA:51,15
DA:52,15
DA:53,10
DA:55,10
DA:56,5
DA:58,5
DA:62,5
DA:66,5
DA:67,5
DA:72,5
DA:75,5
DA:81,20
DA:82,20
DA:83,20
DA:84,15
DA:85,10
DA:86,5
DA:90,5
DA:91,5
DA:94,5
DA:100,5
DA:105,0
DA:106,0
DA:107,0
DA:108,0
DA:109,0
DA:110,0
DA:112,0
DA:113,0
DA:116,0
DA:122,0
DA:127,0
DA:128,0
DA:129,0
DA:130,0
DA:131,0
DA:132,0
DA:133,0
DA:135,0
DA:136,0
DA:139,0
DA:145,0
DA:150,1
DA:163,1
DA:176,1
DA:183,1
DA:196,1
LF:65
LH:44
BRDA:21,0,0,1
BRDA:26,1,0,15
BRDA:26,1,1,5
BRDA:28,2,0,12
BRDA:28,2,1,3
BRDA:33,3,0,5
BRDA:33,3,1,9
BRDA:33,4,0,14
BRDA:33,4,1,6
BRDA:52,5,0,10
BRDA:52,5,1,5
BRDA:55,6,0,5
BRDA:55,6,1,5
BRDA:83,7,0,15
BRDA:83,7,1,5
BRDA:85,8,0,5
BRDA:85,8,1,5
BRDA:85,9,0,10
BRDA:85,9,1,10
BRDA:107,10,0,0
BRDA:107,10,1,0
BRDA:109,11,0,0
BRDA:109,11,1,0
BRDA:129,12,0,0
BRDA:129,12,1,0
BRDA:132,13,0,0
BRDA:132,13,1,0
BRF:27
BRH:19
end_of_record
TN:
SF:src/server/controllers/favoritesController.js
FN:10,(anonymous_0)
FN:21,(anonymous_1)
FN:43,(anonymous_2)
FNF:3
FNH:3
FNDA:2,(anonymous_0)
FNDA:3,(anonymous_1)
FNDA:3,(anonymous_2)
DA:7,1
DA:8,1
DA:10,1
DA:11,2
DA:12,2
DA:13,2
DA:14,1
DA:15,1
DA:17,1
DA:21,1
DA:22,3
DA:23,3
DA:24,2
DA:25,2
DA:26,1
DA:27,1
DA:32,1
DA:37,1
DA:43,1
DA:44,3
DA:45,3
DA:46,2
DA:47,2
DA:48,1
DA:49,1
DA:54,1
DA:59,1
LF:27
LH:27
BRDA:23,0,0,2
BRDA:23,0,1,1
BRDA:45,1,0,2
BRDA:45,1,1,1
BRF:4
BRH:4
end_of_record
TN:
SF:src/server/routes/admins.js
FNF:0
FNH:0
DA:1,0
DA:3,0
DA:4,0
DA:5,0
DA:41,0
DA:69,0
DA:153,0
DA:159,0
LF:8
LH:0
BRF:0
BRH:0
end_of_record
TN:
SF:src/server/routes/adopters.js
FNF:0
FNH:0
DA:1,0
DA:3,0
DA:4,0
DA:5,0
DA:41,0
DA:69,0
DA:153,0
DA:159,0
LF:8
LH:0
BRF:0
BRH:0
end_of_record
TN:
SF:src/server/routes/authentication.js
FNF:0
FNH:0
DA:1,0
DA:3,0
DA:4,0
DA:5,0
DA:6,0
DA:57,0
DA:78,0
DA:80,0
LF:8
LH:0
BRF:0
BRH:0
end_of_record
TN:
SF:src/server/routes/favorites.js
FNF:0
FNH:0
DA:1,0
DA:3,0
DA:4,0
DA:5,0
DA:7,0
DA:8,0
DA:13,0
LF:7
LH:0
BRF:0
BRH:0
end_of_record
TN:
SF:src/server/routes/fosters.js
FNF:0
FNH:0
DA:1,0
DA:3,0
DA:4,0
DA:5,0
DA:41,0
DA:69,0
DA:153,0
DA:159,0
LF:8
LH:0
BRF:0
BRH:0
end_of_record
TN:
SF:src/server/routes/rescues.js
FNF:0
FNH:0
DA:1,0
DA:3,0
DA:4,0
DA:5,0
DA:41,0
DA:69,0
DA:153,0
DA:159,0
LF:8
LH:0
BRF:0
BRH:0
end_of_record
TN:
SF:src/server/routes/veterinarians.js
FNF:0
FNH:0
DA:1,0
DA:3,0
DA:6,0
DA:7,0
DA:43,0
DA:71,0
DA:155,0
DA:161,0
LF:8
LH:0
BRF:0
BRH:0
end_of_record
TN:
SF:src/utils/baseEnvironmentUrls.js
FNF:0
FNH:0
DA:1,6
LF:1
LH:1
BRF:0
BRH:0
end_of_record
TN:
SF:src/utils/componentUtils.js
FN:8,(anonymous_0)
FN:20,(anonymous_1)
FN:30,(anonymous_2)
FN:41,(anonymous_3)
FN:51,(anonymous_4)
FN:55,(anonymous_5)
FN:59,getImageUrl
FN:63,(anonymous_7)
FN:64,(anonymous_8)
FNF:9
FNH:1
FNDA:0,(anonymous_0)
FNDA:0,(anonymous_1)
FNDA:0,(anonymous_2)
FNDA:0,(anonymous_3)
FNDA:0,(anonymous_4)
FNDA:0,(anonymous_5)
FNDA:1276,getImageUrl
FNDA:0,(anonymous_7)
FNDA:0,(anonymous_8)
DA:8,5
DA:9,0
DA:10,0
DA:11,0
DA:16,0
DA:20,5
DA:21,0
DA:22,0
DA:23,0
DA:26,0
DA:30,5
DA:31,0
DA:32,0
DA:33,0
DA:34,0
DA:37,0
DA:41,5
DA:42,0
DA:43,0
DA:44,0
DA:47,0
DA:51,5
DA:52,0
DA:55,5
DA:56,0
DA:60,1276
DA:63,5
DA:64,0
LF:28
LH:8
BRDA:22,0,0,0
BRDA:22,0,1,0
BRDA:32,1,0,0
BRDA:32,1,1,0
BRDA:43,2,0,0
BRDA:43,2,1,0
BRF:6
BRH:0
end_of_record
TN:
SF:src/utils/formFields.js
FNF:0
FNH:0
DA:28,0
DA:31,0
DA:87,0
DA:108,0
DA:139,0
DA:155,0
DA:171,0
DA:181,0
DA:182,0
DA:183,0
DA:188,0
LF:11
LH:0
BRF:0
BRH:0
end_of_record
TN:
SF:src/utils/formInitialValues.js
FNF:0
FNH:0
DA:1,0
DA:15,0
DA:26,0
DA:31,0
DA:35,0
DA:40,0
DA:44,0
DA:48,0
DA:53,0
LF:9
LH:0
BRF:0
BRH:0
end_of_record
TN:
SF:src/utils/utils.js
FN:3,(anonymous_0)
FN:19,(anonymous_1)
FNF:2
FNH:0
FNDA:0,(anonymous_0)
FNDA:0,(anonymous_1)
DA:1,4
DA:3,4
DA:4,0
DA:5,0
DA:6,0
DA:7,0
DA:19,4
DA:20,0
DA:21,0
LF:9
LH:3
BRDA:5,0,0,0
BRDA:5,0,1,0
BRDA:20,1,0,0
BRDA:20,1,1,0
BRDA:21,2,0,0
BRDA:21,2,1,0
BRF:6
BRH:0
end_of_record
TN:
SF:src/validations/loginValidationSchema.js
FNF:0
FNH:0
DA:4,1
LF:1
LH:1
BRF:0
BRH:0
end_of_record
TN:
SF:src/validations/rescuesValidationSchema.js
FNF:0
FNH:0
DA:4,0
LF:1
LH:0
BRF:0
BRH:0
end_of_record
TN:
SF:src/validations/usersValidationSchema.js
FNF:0
FNH:0
DA:4,0
DA:15,0
DA:20,0
DA:24,0
DA:29,0
DA:34,0
DA:39,0
DA:45,0
LF:8
LH:0
BRF:0
BRH:0
end_of_record
TN:
SF:src/validations/yupValidationSchema.js
FNF:0
FNH:0
DA:39,1
LF:1
LH:1
BRF:0
BRH:0
end_of_record
